panic: invalid character '\n' in string literal

goroutine 1 [running]:
github.com/lasthyphen/dijetsgo/genesis.init.0()
	/home/zehri/786/dijetsgo/genesis/config.go:170 +0x6f3
panic: invalid character '\n' in string literal

goroutine 1 [running]:
github.com/lasthyphen/dijetsgo/genesis.init.0()
	/home/zehri/786/dijetsgo/genesis/config.go:170 +0x6f3
panic: invalid character '\n' in string literal

goroutine 1 [running]:
github.com/lasthyphen/dijetsgo/genesis.init.0()
	/home/zehri/786/dijetsgo/genesis/config.go:170 +0x6f3
panic: invalid character '\n' in string literal

goroutine 1 [running]:
github.com/lasthyphen/dijetsgo/genesis.init.0()
	/home/zehri/786/dijetsgo/genesis/config.go:170 +0x6f3

    ____  _   _      __          _   __     __                      __  
   / __ \(_) (_)__  / /______   / | / /__  / /__      ______  _____/ /__
  / / / / / / / _ \/ __/ ___/  /  |/ / _ \/ __/ | /| / / __ \/ ___/ //_/
 / /_/ / / / /  __/ /_(__  )  / /|  /  __/ /_ | |/ |/ / /_/ / /  / ,<   
/_____/_/_/ /\___/\__/____/  /_/ |_/\___/\__/ |__/|__/\____/_/  /_/|_|  
       /___/                                                            

INFO [06-25|16:28:28.149] database/leveldb/db.go#154: leveldb config: {"blockCacheCapacity":12582912,"blockSize":0,"compactionExpandLimitFactor":0,"compactionGPOverlapsFactor":0,"compactionL0Trigger":0,"compactionSourceLimitFactor":0,"compactionTableSize":0,"compactionTableSizeMultiplier":0,"compactionTableSizeMultiplierPerLevel":null,"compactionTotalSize":0,"compactionTotalSizeMultiplier":0,"openFilesCacheCapacity":256,"writeBuffer":6291456,"filterBitsPerKey":10}
INFO [06-25|16:28:28.167] node/node.go#1108: node version is: avalanche/1.7.5
INFO [06-25|16:28:28.167] node/node.go#1109: node ID is: NodeID-7Xhw2mDxuDS44j42TCB6U5579esbSt3Lg
INFO [06-25|16:28:28.167] node/node.go#1110: current database version: v1.4.5
INFO [06-25|16:28:28.167] node/node.go#486: initializing API server
INFO [06-25|16:28:28.167] api/server/server.go#82: API created with allowed origins: [https://*.dijets.co.uk https://*.dijets.io http://127.0.0.1 http://*.dijets.io]
INFO [06-25|16:28:28.167] node/node.go#804: initializing metrics API
INFO [06-25|16:28:28.168] api/server/server.go#219: adding route /ext/metrics
INFO [06-25|16:28:28.168] node/node.go#770: initializing keystore
INFO [06-25|16:28:28.168] node/node.go#781: initializing keystore API
INFO [06-25|16:28:28.168] api/server/server.go#219: adding route /ext/keystore
INFO [06-25|16:28:28.168] node/node.go#762: initializing SharedMemory
INFO [06-25|16:28:28.168] node/node.go#182: this node's IP is set to: "20.203.162.160:9651"
INFO [06-25|16:28:28.169] node/node.go#925: initializing Health API
INFO [06-25|16:28:28.169] api/server/server.go#219: adding route /ext/health
INFO [06-25|16:28:28.169] api/server/server.go#219: adding route /ext/health/readiness
INFO [06-25|16:28:28.169] api/server/server.go#219: adding route /ext/health/health
INFO [06-25|16:28:28.169] api/server/server.go#219: adding route /ext/health/liveness
INFO [06-25|16:28:28.169] node/node.go#532: adding the default VM aliases
INFO [06-25|16:28:28.170] api/server/server.go#219: adding route /ext/vm/mgj786NP7uDwBCcq6YwThhaN8FLyybkCa4zBWTQbNgmK6k9A6/rpc
INFO [06-25|16:28:28.170] api/server/server.go#219: adding route /ext/vm/rWhpuQPF1kb72esV2momhMuTYGkEb1oL29pt2EBXWmSy4kxnT
INFO [06-25|16:28:28.170] api/server/server.go#219: adding route /ext/vm/jvYyfQTxGMJLuGWa55kdP2p2zSUYsQ5Raupu4TW34ZAUBAbtq
INFO [06-25|16:28:28.171] node/node.go#835: node config:
{"httpConfig":{"apiConfig":{"authConfig":{"apiRequireAuthToken":false},"indexerConfig":{"indexAPIEnabled":true,"indexAllowIncomplete":true},"ipcConfig":{"ipcAPIEnabled":true,"ipcPath":"/tmp","ipcDefaultChainIDs":null},"adminAPIEnabled":true,"infoAPIEnabled":true,"keystoreAPIEnabled":true,"metricsAPIEnabled":true,"healthAPIEnabled":true},"httpHost":"10.6.0.4","httpPort":9650,"httpsEnabled":false,"apiAllowedOrigins":["https://*.dijets.co.uk","https://*.dijets.io","http://127.0.0.1","http://*.dijets.io"],"shutdownTimeout":10000000000,"shutdownWait":0},"ipConfig":{"ip":{"ip":"20.203.162.160","port":9651},"attemptedNATTraversal":false,"dynamicUpdateDuration":300000000000},"stakingConfig":{"uptimeRequirement":0.8,"minValidatorStake":2000000000000,"maxValidatorStake":3000000000000000,"minDelegatorStake":25000000000,"minDelegationFee":20000,"minStakeDuration":1209600000000000,"maxStakeDuration":31536000000000000,"rewardConfig":{"maxConsumptionRate":120000,"minConsumptionRate":100000,"mintingPeriod":31536000000000000,"supplyCap":100000000000000000},"enableStaking":true,"disabledStakingWeight":100,"stakingKeyPath":"/home/zehri/786/dijetsgo/staking/local/staker1.key","stakingCertPath":"/home/zehri/786/dijetsgo/staking/local/staker1.crt"},"txFeeConfig":{"txFee":1000000,"createAssetTxFee":10000000,"createSubnetTxFee":1000000000,"createBlockchainTxFee":1000000000},"bootstrapConfig":{"retryBootstrap":true,"retryBootstrapWarnFrequency":50,"bootstrapBeaconConnectionTimeout":60000000000,"bootstrapAncestorsMaxContainersSent":2000,"bootstrapAncestorsMaxContainersReceived":2000,"bootstrapMaxTimeGetAncestors":50000000,"bootstrapIDs":null,"bootstrapIPs":null},"databaseConfig":{"path":"db/node1/mainnet","name":"leveldb"},"djtxAssetID":"7LKeAQgHrVG5kYJPuaJ14LJY36vqnpTQ6cLpUGA2W1kHk2Y9B","networkID":1,"enableAssertions":true,"enableCrypto":true,"healthCheckFreq":30000000000,"networkConfig":{"healthConfig":{"minConnectedPeers":1,"maxTimeSinceMsgReceived":60000000000,"maxTimeSinceMsgSent":60000000000,"maxPortionSendQueueBytesFull":0.9,"maxSendFailRate":0.9,"maxSendFailRateHalflife":10000000000},"peerListGossipConfig":{"peerListSize":20,"peerListGossipSize":50,"peerListStakerGossipFraction":2,"peerListGossipFreq":60000000000},"timeoutConfigs":{"getVersionTimeout":10000000000,"pingPongTimeout":30000000000,"readHandshakeTimeout":15000000000,"peerAliasTimeout":600000000000},"delayConfig":{"initialReconnectDelay":1000000000,"maxReconnectDelay":3600000000000},"throttlerConfig":{"inboundConnUpgradeThrottlerConfig":{"upgradeCooldown":10000000000,"maxRecentConnsUpgraded":2560},"inboundMsgThrottlerConfig":{"vdrAllocSize":33554432,"atLargeAllocSize":6291456,"nodeMaxAtLargeBytes":2097152,"bandwidthRefillRate":524288,"bandwidthMaxBurstRate":2097152,"maxProcessingMsgsPerNode":1024},"outboundMsgThrottlerConfig":{"vdrAllocSize":33554432,"atLargeAllocSize":6291456,"nodeMaxAtLargeBytes":2097152},"maxIncomingConnsPerSec":256},"dialerConfig":{"throttleRps":50,"connectionTimeout":30000000000},"namespace":"network","myNodeID":"7Xhw2mDxuDS44j42TCB6U5579esbSt3Lg","myIP":{"ip":"20.203.162.160","port":9651},"networkID":1,"maxClockDifference":60000000000,"pingFrequency":22500000000,"allowPrivateIPs":true,"compressionEnabled":true,"whitelistedSubnets":[],"beacons":{},"validators":{},"uptimeMetricFreq":30000000000,"uptimeRequirement":0.8,"requireValidatorToConnect":false,"MaximumInboundMessageTimeout":10000000000},"gossipConfig":{"gossipAcceptedFrontierSize":3,"gossipOnAcceptSize":4,"appGossipNonValidatorSize":0,"appGossipValidatorSize":4},"adaptiveTimeoutConfig":{"initialTimeout":5000000000,"minimumTimeout":2000000000,"maximumTimeout":10000000000,"timeoutCoefficient":2,"timeoutHalflife":300000000000},"benchlistConfig":{"threshold":10,"minimumFailingDuration":150000000000,"duration":900000000000,"maxPortion":0.08333333333333333,"peerSummaryEnabled":false},"profilerConfig":{"dir":"/home/zehri/.avalanchego/profiles","enabled":false,"freq":900000000000,"maxNumFiles":5},"loggingConfig":{"rotationInterval":86400000000000,"fileSize":8388608,"rotationSize":7,"flushSize":1,"disableLogging":false,"disableDisplaying":false,"disableContextualDisplaying":false,"disableFlushOnWrite":false,"assertions":false,"logLevel":"INFO","displayLevel":"INFO","displayHighlight":"PLAIN"},"pluginDir":"/home/zehri/786/dijetsgo/build/plugins","consensusParams":{"k":4,"alpha":3,"betaVirtuous":3,"betaRogue":5,"concurrentRepolls":2,"optimalProcessing":10,"maxOutstandingItems":1024,"maxItemProcessingTime":120000000000,"parents":5,"batchSize":10},"meterVMEnabled":true,"routerHealthConfig":{"maxDropRate":1,"maxDropRateHalflife":10000000000,"maxOutstandingRequests":1024,"maxOutstandingDuration":300000000000,"maxRunTimeRequests":10000000000},"consensusShutdownTimeout":5000000000,"consensusGossipFreq":10000000000,"whitelistedSubnets":[],"subnetConfigs":{},"resetProposerVMHeightIndex":false}
INFO [06-25|16:28:28.171] node/node.go#840: initializing admin API
INFO [06-25|16:28:28.171] api/server/server.go#219: adding route /ext/admin
INFO [06-25|16:28:28.171] node/node.go#885: initializing info API
INFO [06-25|16:28:28.171] api/server/server.go#219: adding route /ext/info
INFO [06-25|16:28:28.171] node/node.go#1050: initializing ipc API
INFO [06-25|16:28:28.171] api/server/server.go#219: adding route /ext/ipcs
INFO [06-25|16:28:28.171] node/node.go#1060: initializing chain aliases
INFO [06-25|16:28:28.172] node/node.go#1078: initializing API aliases
INFO [06-25|16:28:28.172] node/node.go#860: skipping profiler initialization because it has been disabled
INFO [06-25|16:28:28.172] node/node.go#472: initializing chains
INFO [06-25|16:28:28.172] chains/manager.go#251: creating chain:
    ID: 11111111111111111111111111111111LpoYY
    VMID:rWhpuQPF1kb72esV2momhMuTYGkEb1oL29pt2EBXWmSy4kxnT
INFO [06-25|16:28:28.175] <P Chain> vms/platformvm/vm.go#204: initializing last accepted block as 2GB2cevrZ9xEHUX9JWwkFpLo21FH7pqQpmaP6X9Yryk4rrDDo2
INFO [06-25|16:28:28.176] <P Chain> snow/engine/snowman/transitive.go#67: initializing consensus engine
INFO [06-25|16:28:28.177] indexer/index.go#99: next accepted index 0
INFO [06-25|16:28:28.177] api/server/server.go#219: adding route /ext/index/P/block
INFO [06-25|16:28:28.177] <P Chain> snow/engine/snowman/bootstrap/bootstrapper.go#213: Starting bootstrap...
INFO [06-25|16:28:28.177] <P Chain> snow/engine/common/bootstrapper.go#289: Bootstrapping skipped due to no provided bootstraps
INFO [06-25|16:28:28.177] <P Chain> snow/engine/snowman/bootstrap/bootstrapper.go#411: bootstrapping fetched 0 blocks. Executing state transitions...
INFO [06-25|16:28:28.177] <P Chain> snow/engine/common/queue/jobs.go#181: executed 0 operations
INFO [06-25|16:28:28.177] api/server/server.go#203: adding route /ext/bc/11111111111111111111111111111111LpoYY
INFO [06-25|16:28:28.177] chains/manager.go#251: creating chain:
    ID: 2nzKeZrnUoKFdR1k3LyVJr1jbJRkxhWe512dMiSk7J214tcFb2
    VMID:mgj786NP7uDwBCcq6YwThhaN8FLyybkCa4zBWTQbNgmK6k9A6
INFO [06-25|16:28:28.179] Initializing Dijeth VM                   Version=v0.8.6 Config="{\"snowman-api-enabled\":true,\"coreth-admin-api-enabled\":true,\"coreth-admin-api-dir\":\"\",\"eth-apis\":[\"public-eth\",\"public-eth-filter\",\"net\",\"web3\",\"internal-public-eth\",\"internal-public-blockchain\",\"internal-public-transaction-pool\"],\"continuous-profiler-dir\":\"\",\"continuous-profiler-frequency\":{\"Duration\":900000000000},\"continuous-profiler-max-files\":5,\"rpc-gas-cap\":50000000,\"rpc-tx-fee-cap\":100,\"preimages-enabled\":false,\"pruning-enabled\":true,\"snapshot-async\":true,\"snapshot-verification-enabled\":false,\"metrics-enabled\":true,\"metrics-expensive-enabled\":false,\"local-txs-enabled\":false,\"api-max-duration\":{\"Duration\":0},\"ws-cpu-refill-rate\":{\"Duration\":0},\"ws-cpu-max-stored\":{\"Duration\":0},\"api-max-blocks-per-request\":0,\"allow-unfinalized-queries\":false,\"allow-unprotected-txs\":false,\"keystore-directory\":\"\",\"keystore-external-signer\":\"\",\"keystore-insecure-unlock-allowed\":false,\"remote-tx-gossip-only-enabled\":false,\"tx-regossip-frequency\":{\"Duration\":60000000000},\"tx-regossip-max-size\":15,\"log-level\":\"info\",\"offline-pruning-enabled\":false,\"offline-pruning-bloom-filter-size\":512,\"offline-pruning-data-directory\":\"\",\"max-outbound-active-requests\":8}"
INFO [06-25|16:28:28.179] Persisted trie from memory database      nodes=1 size=151.00B time="13.9µs" gcnodes=0 gcsize=0.00B gctime=0s livenodes=1 livesize=0.00B
INFO [06-25|16:28:28.180] Allocated trie memory caches             clean=75.00MiB dirty=256.00MiB
INFO [06-25|16:28:28.180] Writing genesis to database 
INFO [06-25|16:28:28.180] Persisted trie from memory database      nodes=1 size=151.00B time="43.1µs" gcnodes=0 gcsize=0.00B gctime=0s livenodes=1 livesize=0.00B
INFO [06-25|16:28:28.180] Initialised chain configuration          config="{ChainID: 98200 Homestead: 0 DAO: 0 DAOSupport: true EIP150: 0 EIP155: 0 EIP158: 0 Byzantium: 0 Constantinople: 0 Petersburg: 0 Istanbul: 0, Muir Glacier: 0, Apricot Phase 1: 1617199200, Apricot Phase 2: 1620644400, Apricot Phase 3: 1629813600, Apricot Phase 4: 1632344400, Apricot Phase 5: 1638468000, Engine: Dummy Consensus Engine}"
INFO [06-25|16:28:28.180] Initialising Ethereum protocol           network=98200 dbversion=<nil>
WARN [06-25|16:28:28.180] Upgrade blockchain database version      from=<nil> to=8
INFO [06-25|16:28:28.181] Loaded most recent local header          number=0 hash=d6e297..ec1d16 age=53y2mo4w
INFO [06-25|16:28:28.181] Loaded most recent local full block      number=0 hash=d6e297..ec1d16 age=53y2mo4w
INFO [06-25|16:28:28.181] Initializing snapshots                   async=false
WARN [06-25|16:28:28.181] Failed to load snapshot, regenerating    err="missing or corrupted snapshot, no snapshot block hash"
INFO [06-25|16:28:28.181] Rebuilding state snapshot 
INFO [06-25|16:28:28.181] Deleted state snapshot leftovers         kind=accounts wiped=0 elapsed="40.101µs"
INFO [06-25|16:28:28.181] Waiting for snapshot generation          root=df7730..7b9351
INFO [06-25|16:28:28.181] Wiper running, state snapshotting paused accounts=0 slots=0 storage=0.00B elapsed="225.302µs"
INFO [06-25|16:28:28.182] Deleted state snapshot leftovers         kind=storage  wiped=0 elapsed="28.301µs"
INFO [06-25|16:28:28.182] Resuming state snapshot generation       root=df7730..7b9351 accounts=0 slots=0 storage=0.00B elapsed="5.701µs"
INFO [06-25|16:28:28.182] Generated state snapshot                 accounts=1 slots=0 storage=50.00B elapsed="120.101µs"
WARN [06-25|16:28:28.182] Error reading unclean shutdown markers   error="not found"
INFO [06-25|16:28:28.182] Initializing atomic transaction repository from scratch 
INFO [06-25|16:28:28.182] Completed atomic transaction repository migration lastAcceptedHeight=0 duration="47.2µs"
INFO [06-25|16:28:28.182] repairAtomicRepositoryForBonusBlockTxs complete repairedEntries=0
INFO [06-25|16:28:28.183] initializing atomic trie                 c=atomicTrie lastAcceptedBlockNumber=0
INFO [06-25|16:28:28.183] Transaction pool price threshold updated price=470,000,000,000
INFO [06-25|16:28:28.183] Transaction pool price threshold updated price=225,000,000,000
INFO [06-25|16:28:28.183] Transaction pool price threshold updated price=0
INFO [06-25|16:28:28.183] lastAccepted = 0xd6e297b3d1e39baebfeeb4c77a590a1a7eb2e1b601933141822c2797f5ec1d16 
INFO [06-25|16:28:28.184] <C Chain> snow/engine/snowman/transitive.go#67: initializing consensus engine
INFO [06-25|16:28:28.184] <C Chain> vms/proposervm/vm.go#214: block height indexing is already complete
INFO [06-25|16:28:28.184] indexer/index.go#99: next accepted index 0
INFO [06-25|16:28:28.184] api/server/server.go#219: adding route /ext/index/C/block
INFO [06-25|16:28:28.185] Enabled APIs: public-eth, public-eth-filter, net, web3, internal-public-eth, internal-public-blockchain, internal-public-transaction-pool, djtx, coreth-admin, snowman 
INFO [06-25|16:28:28.185] api/server/server.go#203: adding route /ext/bc/2nzKeZrnUoKFdR1k3LyVJr1jbJRkxhWe512dMiSk7J214tcFb2/djtx
INFO [06-25|16:28:28.185] <C Chain> snow/engine/snowman/bootstrap/bootstrapper.go#213: Starting bootstrap...
INFO [06-25|16:28:28.185] chains/manager.go#251: creating chain:
    ID: XNb3DFBZmKW4DdP9HJBKj7kQaxdFRVTj6d63CUi7aVnwe3ML1
    VMID:jvYyfQTxGMJLuGWa55kdP2p2zSUYsQ5Raupu4TW34ZAUBAbtq
INFO [06-25|16:28:28.185] api/server/server.go#203: adding route /ext/bc/2nzKeZrnUoKFdR1k3LyVJr1jbJRkxhWe512dMiSk7J214tcFb2/admin
INFO [06-25|16:28:28.185] api/server/server.go#203: adding route /ext/bc/2nzKeZrnUoKFdR1k3LyVJr1jbJRkxhWe512dMiSk7J214tcFb2/rpc
INFO [06-25|16:28:28.185] api/server/server.go#203: adding route /ext/bc/2nzKeZrnUoKFdR1k3LyVJr1jbJRkxhWe512dMiSk7J214tcFb2/ws
INFO [06-25|16:28:28.186] <X Chain> vms/avm/vm.go#142: VM config initialized {IndexTransactions:true IndexAllowIncomplete:true}
INFO [06-25|16:28:28.186] <X Chain> vms/avm/vm.go#450: initializing with AssetID 7LKeAQgHrVG5kYJPuaJ14LJY36vqnpTQ6cLpUGA2W1kHk2Y9B
INFO [06-25|16:28:28.186] <X Chain> vms/avm/vm.go#436: Fee payments are using Asset with Alias: DJTX, AssetID: 7LKeAQgHrVG5kYJPuaJ14LJY36vqnpTQ6cLpUGA2W1kHk2Y9B
INFO [06-25|16:28:28.186] <X Chain> vms/avm/vm.go#221: address transaction indexing is enabled
INFO [06-25|16:28:28.187] <X Chain> snow/engine/avalanche/transitive.go#71: initializing consensus engine
INFO [06-25|16:28:28.187] indexer/index.go#99: next accepted index 0
INFO [06-25|16:28:28.187] api/server/server.go#219: adding route /ext/index/X/vtx
INFO [06-25|16:28:28.187] indexer/index.go#99: next accepted index 0
INFO [06-25|16:28:28.187] api/server/server.go#219: adding route /ext/index/X/tx
INFO [06-25|16:28:28.188] api/server/server.go#203: adding route /ext/bc/XNb3DFBZmKW4DdP9HJBKj7kQaxdFRVTj6d63CUi7aVnwe3ML1
INFO [06-25|16:28:28.188] <X Chain> snow/engine/avalanche/bootstrap/bootstrapper.go#259: Starting bootstrap...
INFO [06-25|16:28:28.188] api/server/server.go#203: adding route /ext/bc/XNb3DFBZmKW4DdP9HJBKj7kQaxdFRVTj6d63CUi7aVnwe3ML1/wallet
INFO [06-25|16:28:28.188] <P Chain> snow/engine/snowman/bootstrap/bootstrapper.go#450: waiting for the remaining chains in this subnet to finish syncing
INFO [06-25|16:28:28.188] api/server/server.go#203: adding route /ext/bc/XNb3DFBZmKW4DdP9HJBKj7kQaxdFRVTj6d63CUi7aVnwe3ML1/events
INFO [06-25|16:28:28.188] api/server/server.go#114: HTTP API server listening on "10.6.0.4:9650"

    ____  _   _      __          _   __     __                      __  
   / __ \(_) (_)__  / /______   / | / /__  / /__      ______  _____/ /__
  / / / / / / / _ \/ __/ ___/  /  |/ / _ \/ __/ | /| / / __ \/ ___/ //_/
 / /_/ / / / /  __/ /_(__  )  / /|  /  __/ /_ | |/ |/ / /_/ / /  / ,<   
/_____/_/_/ /\___/\__/____/  /_/ |_/\___/\__/ |__/|__/\____/_/  /_/|_|  
       /___/                                                            

INFO [06-25|16:28:35.919] database/leveldb/db.go#154: leveldb config: {"blockCacheCapacity":12582912,"blockSize":0,"compactionExpandLimitFactor":0,"compactionGPOverlapsFactor":0,"compactionL0Trigger":0,"compactionSourceLimitFactor":0,"compactionTableSize":0,"compactionTableSizeMultiplier":0,"compactionTableSizeMultiplierPerLevel":null,"compactionTotalSize":0,"compactionTotalSizeMultiplier":0,"openFilesCacheCapacity":256,"writeBuffer":6291456,"filterBitsPerKey":10}
INFO [06-25|16:28:35.939] node/node.go#1108: node version is: avalanche/1.7.5
INFO [06-25|16:28:35.939] node/node.go#1109: node ID is: NodeID-MFrZFVCXPv5iCn6M9K6XduxGTYp891xXZ
INFO [06-25|16:28:35.939] node/node.go#1110: current database version: v1.4.5
INFO [06-25|16:28:35.939] node/node.go#486: initializing API server
INFO [06-25|16:28:35.939] api/server/server.go#82: API created with allowed origins: [https://*.dijets.co.uk https://*.dijets.io http://127.0.0.1 http://*.dijets.io]
INFO [06-25|16:28:35.939] node/node.go#804: initializing metrics API
INFO [06-25|16:28:35.939] api/server/server.go#219: adding route /ext/metrics
INFO [06-25|16:28:35.940] node/node.go#770: initializing keystore
INFO [06-25|16:28:35.940] node/node.go#781: initializing keystore API
INFO [06-25|16:28:35.940] api/server/server.go#219: adding route /ext/keystore
INFO [06-25|16:28:35.940] node/node.go#762: initializing SharedMemory
INFO [06-25|16:28:35.940] node/node.go#182: this node's IP is set to: "20.203.162.160:9653"
INFO [06-25|16:28:35.942] node/node.go#925: initializing Health API
INFO [06-25|16:28:35.942] api/server/server.go#219: adding route /ext/health
INFO [06-25|16:28:35.942] api/server/server.go#219: adding route /ext/health/readiness
INFO [06-25|16:28:35.942] api/server/server.go#219: adding route /ext/health/health
INFO [06-25|16:28:35.942] api/server/server.go#219: adding route /ext/health/liveness
INFO [06-25|16:28:35.942] node/node.go#532: adding the default VM aliases
INFO [06-25|16:28:35.942] api/server/server.go#219: adding route /ext/vm/rWhpuQPF1kb72esV2momhMuTYGkEb1oL29pt2EBXWmSy4kxnT
INFO [06-25|16:28:35.942] api/server/server.go#219: adding route /ext/vm/jvYyfQTxGMJLuGWa55kdP2p2zSUYsQ5Raupu4TW34ZAUBAbtq
INFO [06-25|16:28:35.943] api/server/server.go#219: adding route /ext/vm/mgj786NP7uDwBCcq6YwThhaN8FLyybkCa4zBWTQbNgmK6k9A6/rpc
INFO [06-25|16:28:35.943] node/node.go#835: node config:
{"httpConfig":{"apiConfig":{"authConfig":{"apiRequireAuthToken":false},"indexerConfig":{"indexAPIEnabled":true,"indexAllowIncomplete":true},"ipcConfig":{"ipcAPIEnabled":true,"ipcPath":"/tmp","ipcDefaultChainIDs":null},"adminAPIEnabled":true,"infoAPIEnabled":true,"keystoreAPIEnabled":true,"metricsAPIEnabled":true,"healthAPIEnabled":true},"httpHost":"10.6.0.4","httpPort":9652,"httpsEnabled":false,"apiAllowedOrigins":["https://*.dijets.co.uk","https://*.dijets.io","http://127.0.0.1","http://*.dijets.io"],"shutdownTimeout":10000000000,"shutdownWait":0},"ipConfig":{"ip":{"ip":"20.203.162.160","port":9653},"attemptedNATTraversal":false,"dynamicUpdateDuration":300000000000},"stakingConfig":{"uptimeRequirement":0.8,"minValidatorStake":2000000000000,"maxValidatorStake":3000000000000000,"minDelegatorStake":25000000000,"minDelegationFee":20000,"minStakeDuration":1209600000000000,"maxStakeDuration":31536000000000000,"rewardConfig":{"maxConsumptionRate":120000,"minConsumptionRate":100000,"mintingPeriod":31536000000000000,"supplyCap":100000000000000000},"enableStaking":true,"disabledStakingWeight":100,"stakingKeyPath":"/home/zehri/786/dijetsgo/staking/local/staker2.key","stakingCertPath":"/home/zehri/786/dijetsgo/staking/local/staker2.crt"},"txFeeConfig":{"txFee":1000000,"createAssetTxFee":10000000,"createSubnetTxFee":1000000000,"createBlockchainTxFee":1000000000},"bootstrapConfig":{"retryBootstrap":true,"retryBootstrapWarnFrequency":50,"bootstrapBeaconConnectionTimeout":60000000000,"bootstrapAncestorsMaxContainersSent":2000,"bootstrapAncestorsMaxContainersReceived":2000,"bootstrapMaxTimeGetAncestors":50000000,"bootstrapIDs":["7Xhw2mDxuDS44j42TCB6U5579esbSt3Lg"],"bootstrapIPs":[{"ip":"20.203.162.160","port":9651}]},"databaseConfig":{"path":"db/node2/mainnet","name":"leveldb"},"djtxAssetID":"7LKeAQgHrVG5kYJPuaJ14LJY36vqnpTQ6cLpUGA2W1kHk2Y9B","networkID":1,"enableAssertions":true,"enableCrypto":true,"healthCheckFreq":30000000000,"networkConfig":{"healthConfig":{"minConnectedPeers":1,"maxTimeSinceMsgReceived":60000000000,"maxTimeSinceMsgSent":60000000000,"maxPortionSendQueueBytesFull":0.9,"maxSendFailRate":0.9,"maxSendFailRateHalflife":10000000000},"peerListGossipConfig":{"peerListSize":20,"peerListGossipSize":50,"peerListStakerGossipFraction":2,"peerListGossipFreq":60000000000},"timeoutConfigs":{"getVersionTimeout":10000000000,"pingPongTimeout":30000000000,"readHandshakeTimeout":15000000000,"peerAliasTimeout":600000000000},"delayConfig":{"initialReconnectDelay":1000000000,"maxReconnectDelay":3600000000000},"throttlerConfig":{"inboundConnUpgradeThrottlerConfig":{"upgradeCooldown":10000000000,"maxRecentConnsUpgraded":2560},"inboundMsgThrottlerConfig":{"vdrAllocSize":33554432,"atLargeAllocSize":6291456,"nodeMaxAtLargeBytes":2097152,"bandwidthRefillRate":524288,"bandwidthMaxBurstRate":2097152,"maxProcessingMsgsPerNode":1024},"outboundMsgThrottlerConfig":{"vdrAllocSize":33554432,"atLargeAllocSize":6291456,"nodeMaxAtLargeBytes":2097152},"maxIncomingConnsPerSec":256},"dialerConfig":{"throttleRps":50,"connectionTimeout":30000000000},"namespace":"network","myNodeID":"MFrZFVCXPv5iCn6M9K6XduxGTYp891xXZ","myIP":{"ip":"20.203.162.160","port":9653},"networkID":1,"maxClockDifference":60000000000,"pingFrequency":22500000000,"allowPrivateIPs":true,"compressionEnabled":true,"whitelistedSubnets":[],"beacons":{},"validators":{},"uptimeMetricFreq":30000000000,"uptimeRequirement":0.8,"requireValidatorToConnect":false,"MaximumInboundMessageTimeout":10000000000},"gossipConfig":{"gossipAcceptedFrontierSize":3,"gossipOnAcceptSize":4,"appGossipNonValidatorSize":0,"appGossipValidatorSize":4},"adaptiveTimeoutConfig":{"initialTimeout":5000000000,"minimumTimeout":2000000000,"maximumTimeout":10000000000,"timeoutCoefficient":2,"timeoutHalflife":300000000000},"benchlistConfig":{"threshold":10,"minimumFailingDuration":150000000000,"duration":900000000000,"maxPortion":0.08333333333333333,"peerSummaryEnabled":false},"profilerConfig":{"dir":"/home/zehri/.avalanchego/profiles","enabled":false,"freq":900000000000,"maxNumFiles":5},"loggingConfig":{"rotationInterval":86400000000000,"fileSize":8388608,"rotationSize":7,"flushSize":1,"disableLogging":false,"disableDisplaying":false,"disableContextualDisplaying":false,"disableFlushOnWrite":false,"assertions":false,"logLevel":"INFO","displayLevel":"INFO","displayHighlight":"PLAIN"},"pluginDir":"/home/zehri/786/dijetsgo/build/plugins","consensusParams":{"k":4,"alpha":3,"betaVirtuous":3,"betaRogue":5,"concurrentRepolls":2,"optimalProcessing":10,"maxOutstandingItems":1024,"maxItemProcessingTime":120000000000,"parents":5,"batchSize":10},"meterVMEnabled":true,"routerHealthConfig":{"maxDropRate":1,"maxDropRateHalflife":10000000000,"maxOutstandingRequests":1024,"maxOutstandingDuration":300000000000,"maxRunTimeRequests":10000000000},"consensusShutdownTimeout":5000000000,"consensusGossipFreq":10000000000,"whitelistedSubnets":[],"subnetConfigs":{},"resetProposerVMHeightIndex":false}
INFO [06-25|16:28:35.943] node/node.go#840: initializing admin API
INFO [06-25|16:28:35.943] api/server/server.go#219: adding route /ext/admin
INFO [06-25|16:28:35.943] node/node.go#885: initializing info API
INFO [06-25|16:28:35.943] api/server/server.go#219: adding route /ext/info
INFO [06-25|16:28:35.944] node/node.go#1050: initializing ipc API
INFO [06-25|16:28:35.944] api/server/server.go#219: adding route /ext/ipcs
INFO [06-25|16:28:35.944] node/node.go#1060: initializing chain aliases
INFO [06-25|16:28:35.944] node/node.go#1078: initializing API aliases
INFO [06-25|16:28:35.944] node/node.go#860: skipping profiler initialization because it has been disabled
INFO [06-25|16:28:35.944] node/node.go#472: initializing chains
INFO [06-25|16:28:35.944] chains/manager.go#251: creating chain:
    ID: 11111111111111111111111111111111LpoYY
    VMID:rWhpuQPF1kb72esV2momhMuTYGkEb1oL29pt2EBXWmSy4kxnT
INFO [06-25|16:28:35.946] <P Chain> vms/platformvm/vm.go#204: initializing last accepted block as 2GB2cevrZ9xEHUX9JWwkFpLo21FH7pqQpmaP6X9Yryk4rrDDo2
INFO [06-25|16:28:35.947] <P Chain> snow/engine/snowman/transitive.go#67: initializing consensus engine
INFO [06-25|16:28:35.947] indexer/index.go#99: next accepted index 0
INFO [06-25|16:28:35.947] api/server/server.go#219: adding route /ext/index/P/block
INFO [06-25|16:28:35.948] <P Chain> snow/engine/snowman/bootstrap/bootstrapper.go#213: Starting bootstrap...
INFO [06-25|16:28:35.948] api/server/server.go#203: adding route /ext/bc/11111111111111111111111111111111LpoYY
INFO [06-25|16:28:35.948] api/server/server.go#114: HTTP API server listening on "10.6.0.4:9652"
INFO [06-25|16:28:35.986] <P Chain> snow/engine/common/bootstrapper.go#231: Bootstrapping started syncing with 1 vertices in the accepted frontier
INFO [06-25|16:28:35.986] <P Chain> snow/engine/snowman/bootstrap/bootstrapper.go#411: bootstrapping fetched 0 blocks. Executing state transitions...
INFO [06-25|16:28:35.986] <P Chain> snow/engine/common/queue/jobs.go#181: executed 0 operations
INFO [06-25|16:28:35.986] chains/manager.go#251: creating chain:
    ID: 2nzKeZrnUoKFdR1k3LyVJr1jbJRkxhWe512dMiSk7J214tcFb2
    VMID:mgj786NP7uDwBCcq6YwThhaN8FLyybkCa4zBWTQbNgmK6k9A6
INFO [06-25|16:28:35.987] Initializing Dijeth VM                   Version=v0.8.6 Config="{\"snowman-api-enabled\":true,\"coreth-admin-api-enabled\":true,\"coreth-admin-api-dir\":\"\",\"eth-apis\":[\"public-eth\",\"public-eth-filter\",\"net\",\"web3\",\"internal-public-eth\",\"internal-public-blockchain\",\"internal-public-transaction-pool\"],\"continuous-profiler-dir\":\"\",\"continuous-profiler-frequency\":{\"Duration\":900000000000},\"continuous-profiler-max-files\":5,\"rpc-gas-cap\":50000000,\"rpc-tx-fee-cap\":100,\"preimages-enabled\":false,\"pruning-enabled\":true,\"snapshot-async\":true,\"snapshot-verification-enabled\":false,\"metrics-enabled\":true,\"metrics-expensive-enabled\":false,\"local-txs-enabled\":false,\"api-max-duration\":{\"Duration\":0},\"ws-cpu-refill-rate\":{\"Duration\":0},\"ws-cpu-max-stored\":{\"Duration\":0},\"api-max-blocks-per-request\":0,\"allow-unfinalized-queries\":false,\"allow-unprotected-txs\":false,\"keystore-directory\":\"\",\"keystore-external-signer\":\"\",\"keystore-insecure-unlock-allowed\":false,\"remote-tx-gossip-only-enabled\":false,\"tx-regossip-frequency\":{\"Duration\":60000000000},\"tx-regossip-max-size\":15,\"log-level\":\"info\",\"offline-pruning-enabled\":false,\"offline-pruning-bloom-filter-size\":512,\"offline-pruning-data-directory\":\"\",\"max-outbound-active-requests\":8}"
INFO [06-25|16:28:35.988] Persisted trie from memory database      nodes=1 size=151.00B time="14.3µs" gcnodes=0 gcsize=0.00B gctime=0s livenodes=1 livesize=0.00B
INFO [06-25|16:28:35.988] Allocated trie memory caches             clean=75.00MiB dirty=256.00MiB
INFO [06-25|16:28:35.988] Writing genesis to database 
INFO [06-25|16:28:35.988] Persisted trie from memory database      nodes=1 size=151.00B time="38.8µs" gcnodes=0 gcsize=0.00B gctime=0s livenodes=1 livesize=0.00B
INFO [06-25|16:28:35.989] Initialised chain configuration          config="{ChainID: 98200 Homestead: 0 DAO: 0 DAOSupport: true EIP150: 0 EIP155: 0 EIP158: 0 Byzantium: 0 Constantinople: 0 Petersburg: 0 Istanbul: 0, Muir Glacier: 0, Apricot Phase 1: 1617199200, Apricot Phase 2: 1620644400, Apricot Phase 3: 1629813600, Apricot Phase 4: 1632344400, Apricot Phase 5: 1638468000, Engine: Dummy Consensus Engine}"
INFO [06-25|16:28:35.989] Initialising Ethereum protocol           network=98200 dbversion=<nil>
WARN [06-25|16:28:35.989] Upgrade blockchain database version      from=<nil> to=8
INFO [06-25|16:28:35.989] Loaded most recent local header          number=0 hash=d6e297..ec1d16 age=53y2mo4w
INFO [06-25|16:28:35.989] Loaded most recent local full block      number=0 hash=d6e297..ec1d16 age=53y2mo4w
INFO [06-25|16:28:35.990] Initializing snapshots                   async=false
WARN [06-25|16:28:35.990] Failed to load snapshot, regenerating    err="missing or corrupted snapshot, no snapshot block hash"
INFO [06-25|16:28:35.990] Rebuilding state snapshot 
INFO [06-25|16:28:35.990] Deleted state snapshot leftovers         kind=accounts wiped=0 elapsed="27.6µs"
INFO [06-25|16:28:35.990] Deleted state snapshot leftovers         kind=storage  wiped=0 elapsed="13.7µs"
INFO [06-25|16:28:35.990] Waiting for snapshot generation          root=df7730..7b9351
INFO [06-25|16:28:35.990] Wiper running, state snapshotting paused accounts=0 slots=0 storage=0.00B elapsed="407.603µs"
INFO [06-25|16:28:35.990] Resuming state snapshot generation       root=df7730..7b9351 accounts=0 slots=0 storage=0.00B elapsed="5.2µs"
INFO [06-25|16:28:35.990] Generated state snapshot                 accounts=1 slots=0 storage=50.00B elapsed="98.3µs"
WARN [06-25|16:28:35.990] Error reading unclean shutdown markers   error="not found"
INFO [06-25|16:28:35.991] Initializing atomic transaction repository from scratch 
INFO [06-25|16:28:35.991] Completed atomic transaction repository migration lastAcceptedHeight=0 duration="46.301µs"
INFO [06-25|16:28:35.991] repairAtomicRepositoryForBonusBlockTxs complete repairedEntries=0
INFO [06-25|16:28:35.991] initializing atomic trie                 c=atomicTrie lastAcceptedBlockNumber=0
INFO [06-25|16:28:35.991] Transaction pool price threshold updated price=470,000,000,000
INFO [06-25|16:28:35.991] Transaction pool price threshold updated price=225,000,000,000
INFO [06-25|16:28:35.991] Transaction pool price threshold updated price=0
INFO [06-25|16:28:35.991] lastAccepted = 0xd6e297b3d1e39baebfeeb4c77a590a1a7eb2e1b601933141822c2797f5ec1d16 
INFO [06-25|16:28:35.992] <C Chain> snow/engine/snowman/transitive.go#67: initializing consensus engine
INFO [06-25|16:28:35.992] <C Chain> vms/proposervm/vm.go#214: block height indexing is already complete
INFO [06-25|16:28:35.993] indexer/index.go#99: next accepted index 0
INFO [06-25|16:28:35.993] api/server/server.go#219: adding route /ext/index/C/block
INFO [06-25|16:28:35.993] Enabled APIs: public-eth, public-eth-filter, net, web3, internal-public-eth, internal-public-blockchain, internal-public-transaction-pool, djtx, coreth-admin, snowman 
INFO [06-25|16:28:35.993] api/server/server.go#203: adding route /ext/bc/2nzKeZrnUoKFdR1k3LyVJr1jbJRkxhWe512dMiSk7J214tcFb2/djtx
INFO [06-25|16:28:35.993] <C Chain> snow/engine/snowman/bootstrap/bootstrapper.go#213: Starting bootstrap...
INFO [06-25|16:28:35.993] api/server/server.go#203: adding route /ext/bc/2nzKeZrnUoKFdR1k3LyVJr1jbJRkxhWe512dMiSk7J214tcFb2/admin
INFO [06-25|16:28:35.993] chains/manager.go#251: creating chain:
    ID: XNb3DFBZmKW4DdP9HJBKj7kQaxdFRVTj6d63CUi7aVnwe3ML1
    VMID:jvYyfQTxGMJLuGWa55kdP2p2zSUYsQ5Raupu4TW34ZAUBAbtq
INFO [06-25|16:28:35.994] api/server/server.go#203: adding route /ext/bc/2nzKeZrnUoKFdR1k3LyVJr1jbJRkxhWe512dMiSk7J214tcFb2/rpc
INFO [06-25|16:28:35.994] api/server/server.go#203: adding route /ext/bc/2nzKeZrnUoKFdR1k3LyVJr1jbJRkxhWe512dMiSk7J214tcFb2/ws
INFO [06-25|16:28:35.994] <X Chain> vms/avm/vm.go#142: VM config initialized {IndexTransactions:true IndexAllowIncomplete:true}
INFO [06-25|16:28:35.995] <X Chain> vms/avm/vm.go#450: initializing with AssetID 7LKeAQgHrVG5kYJPuaJ14LJY36vqnpTQ6cLpUGA2W1kHk2Y9B
INFO [06-25|16:28:35.995] <X Chain> vms/avm/vm.go#436: Fee payments are using Asset with Alias: DJTX, AssetID: 7LKeAQgHrVG5kYJPuaJ14LJY36vqnpTQ6cLpUGA2W1kHk2Y9B
INFO [06-25|16:28:35.995] <X Chain> vms/avm/vm.go#221: address transaction indexing is enabled
INFO [06-25|16:28:35.996] <X Chain> snow/engine/avalanche/transitive.go#71: initializing consensus engine
INFO [06-25|16:28:35.996] indexer/index.go#99: next accepted index 0
INFO [06-25|16:28:35.996] api/server/server.go#219: adding route /ext/index/X/vtx
INFO [06-25|16:28:35.996] api/server/server.go#203: adding route /ext/bc/XNb3DFBZmKW4DdP9HJBKj7kQaxdFRVTj6d63CUi7aVnwe3ML1
INFO [06-25|16:28:35.996] indexer/index.go#99: next accepted index 0
INFO [06-25|16:28:35.996] api/server/server.go#219: adding route /ext/index/X/tx
INFO [06-25|16:28:35.997] api/server/server.go#203: adding route /ext/bc/XNb3DFBZmKW4DdP9HJBKj7kQaxdFRVTj6d63CUi7aVnwe3ML1/wallet
INFO [06-25|16:28:35.997] api/server/server.go#203: adding route /ext/bc/XNb3DFBZmKW4DdP9HJBKj7kQaxdFRVTj6d63CUi7aVnwe3ML1/events
INFO [06-25|16:28:35.997] <X Chain> snow/engine/avalanche/bootstrap/bootstrapper.go#259: Starting bootstrap...
INFO [06-25|16:28:35.997] <P Chain> snow/engine/snowman/bootstrap/bootstrapper.go#450: waiting for the remaining chains in this subnet to finish syncing
INFO [06-25|16:28:38.188] <P Chain> snow/engine/common/bootstrapper.go#289: Bootstrapping skipped due to no provided bootstraps

    ____  _   _      __          _   __     __                      __  
   / __ \(_) (_)__  / /______   / | / /__  / /__      ______  _____/ /__
  / / / / / / / _ \/ __/ ___/  /  |/ / _ \/ __/ | /| / / __ \/ ___/ //_/
 / /_/ / / / /  __/ /_(__  )  / /|  /  __/ /_ | |/ |/ / /_/ / /  / ,<   
/_____/_/_/ /\___/\__/____/  /_/ |_/\___/\__/ |__/|__/\____/_/  /_/|_|  
       /___/                                                            

INFO [06-25|16:28:42.635] database/leveldb/db.go#154: leveldb config: {"blockCacheCapacity":12582912,"blockSize":0,"compactionExpandLimitFactor":0,"compactionGPOverlapsFactor":0,"compactionL0Trigger":0,"compactionSourceLimitFactor":0,"compactionTableSize":0,"compactionTableSizeMultiplier":0,"compactionTableSizeMultiplierPerLevel":null,"compactionTotalSize":0,"compactionTotalSizeMultiplier":0,"openFilesCacheCapacity":256,"writeBuffer":6291456,"filterBitsPerKey":10}
INFO [06-25|16:28:42.656] node/node.go#1108: node version is: avalanche/1.7.5
INFO [06-25|16:28:42.656] node/node.go#1109: node ID is: NodeID-NFBbbJ4qCmNaCzeW7sxErhvWqvEQMnYcN
INFO [06-25|16:28:42.656] node/node.go#1110: current database version: v1.4.5
INFO [06-25|16:28:42.656] node/node.go#486: initializing API server
INFO [06-25|16:28:42.656] api/server/server.go#82: API created with allowed origins: [https://*.dijets.co.uk https://*.dijets.io http://127.0.0.1 http://*.dijets.io]
INFO [06-25|16:28:42.656] node/node.go#804: initializing metrics API
INFO [06-25|16:28:42.656] api/server/server.go#219: adding route /ext/metrics
INFO [06-25|16:28:42.656] node/node.go#770: initializing keystore
INFO [06-25|16:28:42.657] node/node.go#781: initializing keystore API
INFO [06-25|16:28:42.657] api/server/server.go#219: adding route /ext/keystore
INFO [06-25|16:28:42.657] node/node.go#762: initializing SharedMemory
INFO [06-25|16:28:42.657] node/node.go#182: this node's IP is set to: "20.203.162.160:9655"
INFO [06-25|16:28:42.658] node/node.go#925: initializing Health API
INFO [06-25|16:28:42.658] api/server/server.go#219: adding route /ext/health
INFO [06-25|16:28:42.658] api/server/server.go#219: adding route /ext/health/readiness
INFO [06-25|16:28:42.658] api/server/server.go#219: adding route /ext/health/health
INFO [06-25|16:28:42.658] api/server/server.go#219: adding route /ext/health/liveness
INFO [06-25|16:28:42.658] node/node.go#532: adding the default VM aliases
INFO [06-25|16:28:42.659] api/server/server.go#219: adding route /ext/vm/mgj786NP7uDwBCcq6YwThhaN8FLyybkCa4zBWTQbNgmK6k9A6/rpc
INFO [06-25|16:28:42.659] api/server/server.go#219: adding route /ext/vm/rWhpuQPF1kb72esV2momhMuTYGkEb1oL29pt2EBXWmSy4kxnT
INFO [06-25|16:28:42.659] api/server/server.go#219: adding route /ext/vm/jvYyfQTxGMJLuGWa55kdP2p2zSUYsQ5Raupu4TW34ZAUBAbtq
INFO [06-25|16:28:42.659] node/node.go#835: node config:
{"httpConfig":{"apiConfig":{"authConfig":{"apiRequireAuthToken":false},"indexerConfig":{"indexAPIEnabled":true,"indexAllowIncomplete":true},"ipcConfig":{"ipcAPIEnabled":true,"ipcPath":"/tmp","ipcDefaultChainIDs":null},"adminAPIEnabled":true,"infoAPIEnabled":true,"keystoreAPIEnabled":true,"metricsAPIEnabled":true,"healthAPIEnabled":true},"httpHost":"10.6.0.4","httpPort":9654,"httpsEnabled":false,"apiAllowedOrigins":["https://*.dijets.co.uk","https://*.dijets.io","http://127.0.0.1","http://*.dijets.io"],"shutdownTimeout":10000000000,"shutdownWait":0},"ipConfig":{"ip":{"ip":"20.203.162.160","port":9655},"attemptedNATTraversal":false,"dynamicUpdateDuration":300000000000},"stakingConfig":{"uptimeRequirement":0.8,"minValidatorStake":2000000000000,"maxValidatorStake":3000000000000000,"minDelegatorStake":25000000000,"minDelegationFee":20000,"minStakeDuration":1209600000000000,"maxStakeDuration":31536000000000000,"rewardConfig":{"maxConsumptionRate":120000,"minConsumptionRate":100000,"mintingPeriod":31536000000000000,"supplyCap":100000000000000000},"enableStaking":true,"disabledStakingWeight":100,"stakingKeyPath":"/home/zehri/786/dijetsgo/staking/local/staker3.key","stakingCertPath":"/home/zehri/786/dijetsgo/staking/local/staker3.crt"},"txFeeConfig":{"txFee":1000000,"createAssetTxFee":10000000,"createSubnetTxFee":1000000000,"createBlockchainTxFee":1000000000},"bootstrapConfig":{"retryBootstrap":true,"retryBootstrapWarnFrequency":50,"bootstrapBeaconConnectionTimeout":60000000000,"bootstrapAncestorsMaxContainersSent":2000,"bootstrapAncestorsMaxContainersReceived":2000,"bootstrapMaxTimeGetAncestors":50000000,"bootstrapIDs":["7Xhw2mDxuDS44j42TCB6U5579esbSt3Lg"],"bootstrapIPs":[{"ip":"20.203.162.160","port":9651}]},"databaseConfig":{"path":"db/node3/mainnet","name":"leveldb"},"djtxAssetID":"7LKeAQgHrVG5kYJPuaJ14LJY36vqnpTQ6cLpUGA2W1kHk2Y9B","networkID":1,"enableAssertions":true,"enableCrypto":true,"healthCheckFreq":30000000000,"networkConfig":{"healthConfig":{"minConnectedPeers":1,"maxTimeSinceMsgReceived":60000000000,"maxTimeSinceMsgSent":60000000000,"maxPortionSendQueueBytesFull":0.9,"maxSendFailRate":0.9,"maxSendFailRateHalflife":10000000000},"peerListGossipConfig":{"peerListSize":20,"peerListGossipSize":50,"peerListStakerGossipFraction":2,"peerListGossipFreq":60000000000},"timeoutConfigs":{"getVersionTimeout":10000000000,"pingPongTimeout":30000000000,"readHandshakeTimeout":15000000000,"peerAliasTimeout":600000000000},"delayConfig":{"initialReconnectDelay":1000000000,"maxReconnectDelay":3600000000000},"throttlerConfig":{"inboundConnUpgradeThrottlerConfig":{"upgradeCooldown":10000000000,"maxRecentConnsUpgraded":2560},"inboundMsgThrottlerConfig":{"vdrAllocSize":33554432,"atLargeAllocSize":6291456,"nodeMaxAtLargeBytes":2097152,"bandwidthRefillRate":524288,"bandwidthMaxBurstRate":2097152,"maxProcessingMsgsPerNode":1024},"outboundMsgThrottlerConfig":{"vdrAllocSize":33554432,"atLargeAllocSize":6291456,"nodeMaxAtLargeBytes":2097152},"maxIncomingConnsPerSec":256},"dialerConfig":{"throttleRps":50,"connectionTimeout":30000000000},"namespace":"network","myNodeID":"NFBbbJ4qCmNaCzeW7sxErhvWqvEQMnYcN","myIP":{"ip":"20.203.162.160","port":9655},"networkID":1,"maxClockDifference":60000000000,"pingFrequency":22500000000,"allowPrivateIPs":true,"compressionEnabled":true,"whitelistedSubnets":[],"beacons":{},"validators":{},"uptimeMetricFreq":30000000000,"uptimeRequirement":0.8,"requireValidatorToConnect":false,"MaximumInboundMessageTimeout":10000000000},"gossipConfig":{"gossipAcceptedFrontierSize":3,"gossipOnAcceptSize":4,"appGossipNonValidatorSize":0,"appGossipValidatorSize":4},"adaptiveTimeoutConfig":{"initialTimeout":5000000000,"minimumTimeout":2000000000,"maximumTimeout":10000000000,"timeoutCoefficient":2,"timeoutHalflife":300000000000},"benchlistConfig":{"threshold":10,"minimumFailingDuration":150000000000,"duration":900000000000,"maxPortion":0.08333333333333333,"peerSummaryEnabled":false},"profilerConfig":{"dir":"/home/zehri/.avalanchego/profiles","enabled":false,"freq":900000000000,"maxNumFiles":5},"loggingConfig":{"rotationInterval":86400000000000,"fileSize":8388608,"rotationSize":7,"flushSize":1,"disableLogging":false,"disableDisplaying":false,"disableContextualDisplaying":false,"disableFlushOnWrite":false,"assertions":false,"logLevel":"INFO","displayLevel":"INFO","displayHighlight":"PLAIN"},"pluginDir":"/home/zehri/786/dijetsgo/build/plugins","consensusParams":{"k":4,"alpha":3,"betaVirtuous":3,"betaRogue":5,"concurrentRepolls":2,"optimalProcessing":10,"maxOutstandingItems":1024,"maxItemProcessingTime":120000000000,"parents":5,"batchSize":10},"meterVMEnabled":true,"routerHealthConfig":{"maxDropRate":1,"maxDropRateHalflife":10000000000,"maxOutstandingRequests":1024,"maxOutstandingDuration":300000000000,"maxRunTimeRequests":10000000000},"consensusShutdownTimeout":5000000000,"consensusGossipFreq":10000000000,"whitelistedSubnets":[],"subnetConfigs":{},"resetProposerVMHeightIndex":false}
INFO [06-25|16:28:42.659] node/node.go#840: initializing admin API
INFO [06-25|16:28:42.660] api/server/server.go#219: adding route /ext/admin
INFO [06-25|16:28:42.660] node/node.go#885: initializing info API
INFO [06-25|16:28:42.660] api/server/server.go#219: adding route /ext/info
INFO [06-25|16:28:42.660] node/node.go#1050: initializing ipc API
INFO [06-25|16:28:42.660] api/server/server.go#219: adding route /ext/ipcs
INFO [06-25|16:28:42.660] node/node.go#1060: initializing chain aliases
INFO [06-25|16:28:42.660] node/node.go#1078: initializing API aliases
INFO [06-25|16:28:42.660] node/node.go#860: skipping profiler initialization because it has been disabled
INFO [06-25|16:28:42.660] node/node.go#472: initializing chains
INFO [06-25|16:28:42.660] chains/manager.go#251: creating chain:
    ID: 11111111111111111111111111111111LpoYY
    VMID:rWhpuQPF1kb72esV2momhMuTYGkEb1oL29pt2EBXWmSy4kxnT
INFO [06-25|16:28:42.663] <P Chain> vms/platformvm/vm.go#204: initializing last accepted block as 2GB2cevrZ9xEHUX9JWwkFpLo21FH7pqQpmaP6X9Yryk4rrDDo2
INFO [06-25|16:28:42.663] <P Chain> snow/engine/snowman/transitive.go#67: initializing consensus engine
INFO [06-25|16:28:42.663] indexer/index.go#99: next accepted index 0
INFO [06-25|16:28:42.664] api/server/server.go#219: adding route /ext/index/P/block
INFO [06-25|16:28:42.664] api/server/server.go#203: adding route /ext/bc/11111111111111111111111111111111LpoYY
INFO [06-25|16:28:42.664] <P Chain> snow/engine/snowman/bootstrap/bootstrapper.go#213: Starting bootstrap...
INFO [06-25|16:28:42.664] api/server/server.go#114: HTTP API server listening on "10.6.0.4:9654"
INFO [06-25|16:28:46.167] <P Chain> snow/engine/common/bootstrapper.go#231: Bootstrapping started syncing with 1 vertices in the accepted frontier
INFO [06-25|16:28:46.167] <P Chain> snow/engine/snowman/bootstrap/bootstrapper.go#411: bootstrapping fetched 0 blocks. Executing state transitions...
INFO [06-25|16:28:46.167] <P Chain> snow/engine/common/queue/jobs.go#181: executed 0 operations
INFO [06-25|16:28:46.167] chains/manager.go#251: creating chain:
    ID: 2nzKeZrnUoKFdR1k3LyVJr1jbJRkxhWe512dMiSk7J214tcFb2
    VMID:mgj786NP7uDwBCcq6YwThhaN8FLyybkCa4zBWTQbNgmK6k9A6
INFO [06-25|16:28:46.169] Initializing Dijeth VM                   Version=v0.8.6 Config="{\"snowman-api-enabled\":true,\"coreth-admin-api-enabled\":true,\"coreth-admin-api-dir\":\"\",\"eth-apis\":[\"public-eth\",\"public-eth-filter\",\"net\",\"web3\",\"internal-public-eth\",\"internal-public-blockchain\",\"internal-public-transaction-pool\"],\"continuous-profiler-dir\":\"\",\"continuous-profiler-frequency\":{\"Duration\":900000000000},\"continuous-profiler-max-files\":5,\"rpc-gas-cap\":50000000,\"rpc-tx-fee-cap\":100,\"preimages-enabled\":false,\"pruning-enabled\":true,\"snapshot-async\":true,\"snapshot-verification-enabled\":false,\"metrics-enabled\":true,\"metrics-expensive-enabled\":false,\"local-txs-enabled\":false,\"api-max-duration\":{\"Duration\":0},\"ws-cpu-refill-rate\":{\"Duration\":0},\"ws-cpu-max-stored\":{\"Duration\":0},\"api-max-blocks-per-request\":0,\"allow-unfinalized-queries\":false,\"allow-unprotected-txs\":false,\"keystore-directory\":\"\",\"keystore-external-signer\":\"\",\"keystore-insecure-unlock-allowed\":false,\"remote-tx-gossip-only-enabled\":false,\"tx-regossip-frequency\":{\"Duration\":60000000000},\"tx-regossip-max-size\":15,\"log-level\":\"info\",\"offline-pruning-enabled\":false,\"offline-pruning-bloom-filter-size\":512,\"offline-pruning-data-directory\":\"\",\"max-outbound-active-requests\":8}"
INFO [06-25|16:28:46.170] Persisted trie from memory database      nodes=1 size=151.00B time="25.8µs" gcnodes=0 gcsize=0.00B gctime=0s livenodes=1 livesize=0.00B
INFO [06-25|16:28:46.170] Allocated trie memory caches             clean=75.00MiB dirty=256.00MiB
INFO [06-25|16:28:46.170] Writing genesis to database 
INFO [06-25|16:28:46.171] Persisted trie from memory database      nodes=1 size=151.00B time="53.601µs" gcnodes=0 gcsize=0.00B gctime=0s livenodes=1 livesize=0.00B
INFO [06-25|16:28:46.171] Initialised chain configuration          config="{ChainID: 98200 Homestead: 0 DAO: 0 DAOSupport: true EIP150: 0 EIP155: 0 EIP158: 0 Byzantium: 0 Constantinople: 0 Petersburg: 0 Istanbul: 0, Muir Glacier: 0, Apricot Phase 1: 1617199200, Apricot Phase 2: 1620644400, Apricot Phase 3: 1629813600, Apricot Phase 4: 1632344400, Apricot Phase 5: 1638468000, Engine: Dummy Consensus Engine}"
INFO [06-25|16:28:46.171] Initialising Ethereum protocol           network=98200 dbversion=<nil>
WARN [06-25|16:28:46.171] Upgrade blockchain database version      from=<nil> to=8
INFO [06-25|16:28:46.172] Loaded most recent local header          number=0 hash=d6e297..ec1d16 age=53y2mo4w
INFO [06-25|16:28:46.172] Loaded most recent local full block      number=0 hash=d6e297..ec1d16 age=53y2mo4w
INFO [06-25|16:28:46.172] Initializing snapshots                   async=false
WARN [06-25|16:28:46.172] Failed to load snapshot, regenerating    err="missing or corrupted snapshot, no snapshot block hash"
INFO [06-25|16:28:46.172] Rebuilding state snapshot 
INFO [06-25|16:28:46.173] Deleted state snapshot leftovers         kind=accounts wiped=0 elapsed="25.9µs"
INFO [06-25|16:28:46.173] Deleted state snapshot leftovers         kind=storage  wiped=0 elapsed="45.601µs"
INFO [06-25|16:28:46.174] Waiting for snapshot generation          root=df7730..7b9351
INFO [06-25|16:28:46.174] Wiper running, state snapshotting paused accounts=0 slots=0 storage=0.00B elapsed=1.230ms
INFO [06-25|16:28:46.174] Resuming state snapshot generation       root=df7730..7b9351 accounts=0 slots=0 storage=0.00B elapsed="35.1µs"
INFO [06-25|16:28:46.174] Generated state snapshot                 accounts=1 slots=0 storage=50.00B elapsed="223.402µs"
WARN [06-25|16:28:46.174] Error reading unclean shutdown markers   error="not found"
INFO [06-25|16:28:46.174] Initializing atomic transaction repository from scratch 
INFO [06-25|16:28:46.174] Completed atomic transaction repository migration lastAcceptedHeight=0 duration="76.101µs"
INFO [06-25|16:28:46.175] repairAtomicRepositoryForBonusBlockTxs complete repairedEntries=0
INFO [06-25|16:28:46.175] initializing atomic trie                 c=atomicTrie lastAcceptedBlockNumber=0
INFO [06-25|16:28:46.175] Transaction pool price threshold updated price=470,000,000,000
INFO [06-25|16:28:46.175] Transaction pool price threshold updated price=225,000,000,000
INFO [06-25|16:28:46.175] Transaction pool price threshold updated price=0
INFO [06-25|16:28:46.175] lastAccepted = 0xd6e297b3d1e39baebfeeb4c77a590a1a7eb2e1b601933141822c2797f5ec1d16 
INFO [06-25|16:28:46.178] <C Chain> snow/engine/snowman/transitive.go#67: initializing consensus engine
INFO [06-25|16:28:46.178] indexer/index.go#99: next accepted index 0
INFO [06-25|16:28:46.178] api/server/server.go#219: adding route /ext/index/C/block
INFO [06-25|16:28:46.178] <C Chain> snow/engine/snowman/bootstrap/bootstrapper.go#213: Starting bootstrap...
INFO [06-25|16:28:46.179] chains/manager.go#251: creating chain:
    ID: XNb3DFBZmKW4DdP9HJBKj7kQaxdFRVTj6d63CUi7aVnwe3ML1
    VMID:jvYyfQTxGMJLuGWa55kdP2p2zSUYsQ5Raupu4TW34ZAUBAbtq
INFO [06-25|16:28:46.179] <C Chain> vms/proposervm/vm.go#214: block height indexing is already complete
INFO [06-25|16:28:46.181] Enabled APIs: public-eth, public-eth-filter, net, web3, internal-public-eth, internal-public-blockchain, internal-public-transaction-pool, djtx, coreth-admin, snowman 
INFO [06-25|16:28:46.181] api/server/server.go#203: adding route /ext/bc/2nzKeZrnUoKFdR1k3LyVJr1jbJRkxhWe512dMiSk7J214tcFb2/rpc
INFO [06-25|16:28:46.182] api/server/server.go#203: adding route /ext/bc/2nzKeZrnUoKFdR1k3LyVJr1jbJRkxhWe512dMiSk7J214tcFb2/ws
INFO [06-25|16:28:46.182] api/server/server.go#203: adding route /ext/bc/2nzKeZrnUoKFdR1k3LyVJr1jbJRkxhWe512dMiSk7J214tcFb2/djtx
INFO [06-25|16:28:46.182] api/server/server.go#203: adding route /ext/bc/2nzKeZrnUoKFdR1k3LyVJr1jbJRkxhWe512dMiSk7J214tcFb2/admin
INFO [06-25|16:28:46.185] <X Chain> vms/avm/vm.go#142: VM config initialized {IndexTransactions:true IndexAllowIncomplete:true}
INFO [06-25|16:28:46.186] <X Chain> vms/avm/vm.go#450: initializing with AssetID 7LKeAQgHrVG5kYJPuaJ14LJY36vqnpTQ6cLpUGA2W1kHk2Y9B
INFO [06-25|16:28:46.186] <X Chain> vms/avm/vm.go#436: Fee payments are using Asset with Alias: DJTX, AssetID: 7LKeAQgHrVG5kYJPuaJ14LJY36vqnpTQ6cLpUGA2W1kHk2Y9B
INFO [06-25|16:28:46.186] <X Chain> vms/avm/vm.go#221: address transaction indexing is enabled
INFO [06-25|16:28:46.187] <X Chain> snow/engine/avalanche/transitive.go#71: initializing consensus engine
INFO [06-25|16:28:46.188] indexer/index.go#99: next accepted index 0
INFO [06-25|16:28:46.188] api/server/server.go#219: adding route /ext/index/X/vtx
INFO [06-25|16:28:46.188] indexer/index.go#99: next accepted index 0
INFO [06-25|16:28:46.188] api/server/server.go#219: adding route /ext/index/X/tx
INFO [06-25|16:28:46.188] <X Chain> snow/engine/avalanche/bootstrap/bootstrapper.go#259: Starting bootstrap...
INFO [06-25|16:28:46.188] api/server/server.go#203: adding route /ext/bc/XNb3DFBZmKW4DdP9HJBKj7kQaxdFRVTj6d63CUi7aVnwe3ML1
INFO [06-25|16:28:46.188] <P Chain> snow/engine/snowman/bootstrap/bootstrapper.go#450: waiting for the remaining chains in this subnet to finish syncing
INFO [06-25|16:28:46.188] api/server/server.go#203: adding route /ext/bc/XNb3DFBZmKW4DdP9HJBKj7kQaxdFRVTj6d63CUi7aVnwe3ML1/wallet
INFO [06-25|16:28:46.189] api/server/server.go#203: adding route /ext/bc/XNb3DFBZmKW4DdP9HJBKj7kQaxdFRVTj6d63CUi7aVnwe3ML1/events
INFO [06-25|16:28:48.189] <P Chain> snow/engine/common/bootstrapper.go#289: Bootstrapping skipped due to no provided bootstraps

    ____  _   _      __          _   __     __                      __  
   / __ \(_) (_)__  / /______   / | / /__  / /__      ______  _____/ /__
  / / / / / / / _ \/ __/ ___/  /  |/ / _ \/ __/ | /| / / __ \/ ___/ //_/
 / /_/ / / / /  __/ /_(__  )  / /|  /  __/ /_ | |/ |/ / /_/ / /  / ,<   
/_____/_/_/ /\___/\__/____/  /_/ |_/\___/\__/ |__/|__/\____/_/  /_/|_|  
       /___/                                                            

INFO [06-25|16:28:49.459] database/leveldb/db.go#154: leveldb config: {"blockCacheCapacity":12582912,"blockSize":0,"compactionExpandLimitFactor":0,"compactionGPOverlapsFactor":0,"compactionL0Trigger":0,"compactionSourceLimitFactor":0,"compactionTableSize":0,"compactionTableSizeMultiplier":0,"compactionTableSizeMultiplierPerLevel":null,"compactionTotalSize":0,"compactionTotalSizeMultiplier":0,"openFilesCacheCapacity":256,"writeBuffer":6291456,"filterBitsPerKey":10}
INFO [06-25|16:28:49.477] node/node.go#1108: node version is: avalanche/1.7.5
INFO [06-25|16:28:49.477] node/node.go#1109: node ID is: NodeID-GWPcbFJZFfZreETSoWjPimr846mXEKCtu
INFO [06-25|16:28:49.477] node/node.go#1110: current database version: v1.4.5
INFO [06-25|16:28:49.477] node/node.go#486: initializing API server
INFO [06-25|16:28:49.477] api/server/server.go#82: API created with allowed origins: [https://*.dijets.co.uk https://*.dijets.io http://127.0.0.1 http://*.dijets.io]
INFO [06-25|16:28:49.477] node/node.go#804: initializing metrics API
INFO [06-25|16:28:49.478] api/server/server.go#219: adding route /ext/metrics
INFO [06-25|16:28:49.478] node/node.go#770: initializing keystore
INFO [06-25|16:28:49.478] node/node.go#781: initializing keystore API
INFO [06-25|16:28:49.478] api/server/server.go#219: adding route /ext/keystore
INFO [06-25|16:28:49.478] node/node.go#762: initializing SharedMemory
INFO [06-25|16:28:49.478] node/node.go#182: this node's IP is set to: "20.203.162.160:9657"
INFO [06-25|16:28:49.480] node/node.go#925: initializing Health API
INFO [06-25|16:28:49.480] api/server/server.go#219: adding route /ext/health
INFO [06-25|16:28:49.480] api/server/server.go#219: adding route /ext/health/readiness
INFO [06-25|16:28:49.480] api/server/server.go#219: adding route /ext/health/health
INFO [06-25|16:28:49.480] api/server/server.go#219: adding route /ext/health/liveness
INFO [06-25|16:28:49.480] node/node.go#532: adding the default VM aliases
INFO [06-25|16:28:49.481] api/server/server.go#219: adding route /ext/vm/rWhpuQPF1kb72esV2momhMuTYGkEb1oL29pt2EBXWmSy4kxnT
INFO [06-25|16:28:49.481] api/server/server.go#219: adding route /ext/vm/jvYyfQTxGMJLuGWa55kdP2p2zSUYsQ5Raupu4TW34ZAUBAbtq
INFO [06-25|16:28:49.481] api/server/server.go#219: adding route /ext/vm/mgj786NP7uDwBCcq6YwThhaN8FLyybkCa4zBWTQbNgmK6k9A6/rpc
INFO [06-25|16:28:49.482] node/node.go#835: node config:
{"httpConfig":{"apiConfig":{"authConfig":{"apiRequireAuthToken":false},"indexerConfig":{"indexAPIEnabled":true,"indexAllowIncomplete":true},"ipcConfig":{"ipcAPIEnabled":true,"ipcPath":"/tmp","ipcDefaultChainIDs":null},"adminAPIEnabled":true,"infoAPIEnabled":true,"keystoreAPIEnabled":true,"metricsAPIEnabled":true,"healthAPIEnabled":true},"httpHost":"10.6.0.4","httpPort":9656,"httpsEnabled":false,"apiAllowedOrigins":["https://*.dijets.co.uk","https://*.dijets.io","http://127.0.0.1","http://*.dijets.io"],"shutdownTimeout":10000000000,"shutdownWait":0},"ipConfig":{"ip":{"ip":"20.203.162.160","port":9657},"attemptedNATTraversal":false,"dynamicUpdateDuration":300000000000},"stakingConfig":{"uptimeRequirement":0.8,"minValidatorStake":2000000000000,"maxValidatorStake":3000000000000000,"minDelegatorStake":25000000000,"minDelegationFee":20000,"minStakeDuration":1209600000000000,"maxStakeDuration":31536000000000000,"rewardConfig":{"maxConsumptionRate":120000,"minConsumptionRate":100000,"mintingPeriod":31536000000000000,"supplyCap":100000000000000000},"enableStaking":true,"disabledStakingWeight":100,"stakingKeyPath":"/home/zehri/786/dijetsgo/staking/local/staker4.key","stakingCertPath":"/home/zehri/786/dijetsgo/staking/local/staker4.crt"},"txFeeConfig":{"txFee":1000000,"createAssetTxFee":10000000,"createSubnetTxFee":1000000000,"createBlockchainTxFee":1000000000},"bootstrapConfig":{"retryBootstrap":true,"retryBootstrapWarnFrequency":50,"bootstrapBeaconConnectionTimeout":60000000000,"bootstrapAncestorsMaxContainersSent":2000,"bootstrapAncestorsMaxContainersReceived":2000,"bootstrapMaxTimeGetAncestors":50000000,"bootstrapIDs":["7Xhw2mDxuDS44j42TCB6U5579esbSt3Lg"],"bootstrapIPs":[{"ip":"20.203.162.160","port":9651}]},"databaseConfig":{"path":"db/node4/mainnet","name":"leveldb"},"djtxAssetID":"7LKeAQgHrVG5kYJPuaJ14LJY36vqnpTQ6cLpUGA2W1kHk2Y9B","networkID":1,"enableAssertions":true,"enableCrypto":true,"healthCheckFreq":30000000000,"networkConfig":{"healthConfig":{"minConnectedPeers":1,"maxTimeSinceMsgReceived":60000000000,"maxTimeSinceMsgSent":60000000000,"maxPortionSendQueueBytesFull":0.9,"maxSendFailRate":0.9,"maxSendFailRateHalflife":10000000000},"peerListGossipConfig":{"peerListSize":20,"peerListGossipSize":50,"peerListStakerGossipFraction":2,"peerListGossipFreq":60000000000},"timeoutConfigs":{"getVersionTimeout":10000000000,"pingPongTimeout":30000000000,"readHandshakeTimeout":15000000000,"peerAliasTimeout":600000000000},"delayConfig":{"initialReconnectDelay":1000000000,"maxReconnectDelay":3600000000000},"throttlerConfig":{"inboundConnUpgradeThrottlerConfig":{"upgradeCooldown":10000000000,"maxRecentConnsUpgraded":2560},"inboundMsgThrottlerConfig":{"vdrAllocSize":33554432,"atLargeAllocSize":6291456,"nodeMaxAtLargeBytes":2097152,"bandwidthRefillRate":524288,"bandwidthMaxBurstRate":2097152,"maxProcessingMsgsPerNode":1024},"outboundMsgThrottlerConfig":{"vdrAllocSize":33554432,"atLargeAllocSize":6291456,"nodeMaxAtLargeBytes":2097152},"maxIncomingConnsPerSec":256},"dialerConfig":{"throttleRps":50,"connectionTimeout":30000000000},"namespace":"network","myNodeID":"GWPcbFJZFfZreETSoWjPimr846mXEKCtu","myIP":{"ip":"20.203.162.160","port":9657},"networkID":1,"maxClockDifference":60000000000,"pingFrequency":22500000000,"allowPrivateIPs":true,"compressionEnabled":true,"whitelistedSubnets":[],"beacons":{},"validators":{},"uptimeMetricFreq":30000000000,"uptimeRequirement":0.8,"requireValidatorToConnect":false,"MaximumInboundMessageTimeout":10000000000},"gossipConfig":{"gossipAcceptedFrontierSize":3,"gossipOnAcceptSize":4,"appGossipNonValidatorSize":0,"appGossipValidatorSize":4},"adaptiveTimeoutConfig":{"initialTimeout":5000000000,"minimumTimeout":2000000000,"maximumTimeout":10000000000,"timeoutCoefficient":2,"timeoutHalflife":300000000000},"benchlistConfig":{"threshold":10,"minimumFailingDuration":150000000000,"duration":900000000000,"maxPortion":0.08333333333333333,"peerSummaryEnabled":false},"profilerConfig":{"dir":"/home/zehri/.avalanchego/profiles","enabled":false,"freq":900000000000,"maxNumFiles":5},"loggingConfig":{"rotationInterval":86400000000000,"fileSize":8388608,"rotationSize":7,"flushSize":1,"disableLogging":false,"disableDisplaying":false,"disableContextualDisplaying":false,"disableFlushOnWrite":false,"assertions":false,"logLevel":"INFO","displayLevel":"INFO","displayHighlight":"PLAIN"},"pluginDir":"/home/zehri/786/dijetsgo/build/plugins","consensusParams":{"k":4,"alpha":3,"betaVirtuous":3,"betaRogue":5,"concurrentRepolls":2,"optimalProcessing":10,"maxOutstandingItems":1024,"maxItemProcessingTime":120000000000,"parents":5,"batchSize":10},"meterVMEnabled":true,"routerHealthConfig":{"maxDropRate":1,"maxDropRateHalflife":10000000000,"maxOutstandingRequests":1024,"maxOutstandingDuration":300000000000,"maxRunTimeRequests":10000000000},"consensusShutdownTimeout":5000000000,"consensusGossipFreq":10000000000,"whitelistedSubnets":[],"subnetConfigs":{},"resetProposerVMHeightIndex":false}
INFO [06-25|16:28:49.482] node/node.go#840: initializing admin API
INFO [06-25|16:28:49.482] api/server/server.go#219: adding route /ext/admin
INFO [06-25|16:28:49.482] node/node.go#885: initializing info API
INFO [06-25|16:28:49.482] api/server/server.go#219: adding route /ext/info
INFO [06-25|16:28:49.482] node/node.go#1050: initializing ipc API
INFO [06-25|16:28:49.482] api/server/server.go#219: adding route /ext/ipcs
INFO [06-25|16:28:49.482] node/node.go#1060: initializing chain aliases
INFO [06-25|16:28:49.482] node/node.go#1078: initializing API aliases
INFO [06-25|16:28:49.483] node/node.go#860: skipping profiler initialization because it has been disabled
INFO [06-25|16:28:49.483] node/node.go#472: initializing chains
INFO [06-25|16:28:49.483] chains/manager.go#251: creating chain:
    ID: 11111111111111111111111111111111LpoYY
    VMID:rWhpuQPF1kb72esV2momhMuTYGkEb1oL29pt2EBXWmSy4kxnT
INFO [06-25|16:28:49.486] <P Chain> vms/platformvm/vm.go#204: initializing last accepted block as 2GB2cevrZ9xEHUX9JWwkFpLo21FH7pqQpmaP6X9Yryk4rrDDo2
INFO [06-25|16:28:49.487] <P Chain> snow/engine/snowman/transitive.go#67: initializing consensus engine
INFO [06-25|16:28:49.487] indexer/index.go#99: next accepted index 0
INFO [06-25|16:28:49.487] api/server/server.go#219: adding route /ext/index/P/block
INFO [06-25|16:28:49.487] <P Chain> snow/engine/snowman/bootstrap/bootstrapper.go#213: Starting bootstrap...
INFO [06-25|16:28:49.487] api/server/server.go#203: adding route /ext/bc/11111111111111111111111111111111LpoYY
INFO [06-25|16:28:49.488] api/server/server.go#114: HTTP API server listening on "10.6.0.4:9656"
INFO [06-25|16:28:51.301] <X Chain> snow/engine/common/bootstrapper.go#231: Bootstrapping started syncing with 0 vertices in the accepted frontier
INFO [06-25|16:28:51.301] <X Chain> snow/engine/avalanche/bootstrap/bootstrapper.go#470: bootstrapping fetched 0 vertices. Executing transaction state transitions...
INFO [06-25|16:28:51.301] <X Chain> snow/engine/common/queue/jobs.go#181: executed 0 operations
INFO [06-25|16:28:51.301] <X Chain> snow/engine/avalanche/bootstrap/bootstrapper.go#481: executing vertex state transitions...
INFO [06-25|16:28:51.301] <X Chain> snow/engine/common/queue/jobs.go#181: executed 0 operations
INFO [06-25|16:28:51.301] <X Chain> snow/engine/avalanche/bootstrap/bootstrapper.go#509: waiting for the remaining chains in this subnet to finish syncing
INFO [06-25|16:28:52.160] <C Chain> snow/engine/common/bootstrapper.go#231: Bootstrapping started syncing with 1 vertices in the accepted frontier
INFO [06-25|16:28:52.160] <C Chain> snow/engine/snowman/bootstrap/bootstrapper.go#411: bootstrapping fetched 0 blocks. Executing state transitions...
INFO [06-25|16:28:52.160] <C Chain> snow/engine/common/queue/jobs.go#181: executed 0 operations
INFO [06-25|16:28:52.161] <X Chain> snow/engine/avalanche/transitive.go#287: bootstrapping finished with 0 vertices in the accepted frontier
INFO [06-25|16:28:52.161] <C Chain> snow/engine/snowman/transitive.go#329: bootstrapping finished with 2ddxE6sg1dHthFWWJpdYLuTM1zHByVXGQQVfgKLjBQeaEbLaJU as the last accepted block
INFO [06-25|16:28:52.161] <P Chain> snow/engine/snowman/transitive.go#329: bootstrapping finished with 2GB2cevrZ9xEHUX9JWwkFpLo21FH7pqQpmaP6X9Yryk4rrDDo2 as the last accepted block
INFO [06-25|16:28:54.297] <C Chain> snow/engine/common/bootstrapper.go#231: Bootstrapping started syncing with 1 vertices in the accepted frontier
INFO [06-25|16:28:54.297] <C Chain> snow/engine/snowman/bootstrap/bootstrapper.go#411: bootstrapping fetched 0 blocks. Executing state transitions...
INFO [06-25|16:28:54.297] <C Chain> snow/engine/common/queue/jobs.go#181: executed 0 operations
INFO [06-25|16:28:54.297] <C Chain> snow/engine/snowman/bootstrap/bootstrapper.go#450: waiting for the remaining chains in this subnet to finish syncing
INFO [06-25|16:28:55.370] <C Chain> snow/engine/common/bootstrapper.go#231: Bootstrapping started syncing with 1 vertices in the accepted frontier
INFO [06-25|16:28:55.370] <C Chain> snow/engine/snowman/bootstrap/bootstrapper.go#411: bootstrapping fetched 0 blocks. Executing state transitions...
INFO [06-25|16:28:55.370] <C Chain> snow/engine/common/queue/jobs.go#181: executed 0 operations
INFO [06-25|16:28:55.370] <C Chain> snow/engine/snowman/bootstrap/bootstrapper.go#450: waiting for the remaining chains in this subnet to finish syncing
INFO [06-25|16:28:55.432] <X Chain> snow/engine/common/bootstrapper.go#231: Bootstrapping started syncing with 0 vertices in the accepted frontier
INFO [06-25|16:28:55.432] <X Chain> snow/engine/avalanche/bootstrap/bootstrapper.go#470: bootstrapping fetched 0 vertices. Executing transaction state transitions...
INFO [06-25|16:28:55.432] <X Chain> snow/engine/common/queue/jobs.go#181: executed 0 operations
INFO [06-25|16:28:55.432] <X Chain> snow/engine/avalanche/bootstrap/bootstrapper.go#481: executing vertex state transitions...
INFO [06-25|16:28:55.432] <X Chain> snow/engine/common/queue/jobs.go#181: executed 0 operations
INFO [06-25|16:28:55.432] <X Chain> snow/engine/avalanche/transitive.go#287: bootstrapping finished with 0 vertices in the accepted frontier
INFO [06-25|16:28:55.432] <C Chain> snow/engine/snowman/transitive.go#329: bootstrapping finished with 2ddxE6sg1dHthFWWJpdYLuTM1zHByVXGQQVfgKLjBQeaEbLaJU as the last accepted block
INFO [06-25|16:28:55.432] <P Chain> snow/engine/snowman/transitive.go#329: bootstrapping finished with 2GB2cevrZ9xEHUX9JWwkFpLo21FH7pqQpmaP6X9Yryk4rrDDo2 as the last accepted block

    ____  _   _      __          _   __     __                      __  
   / __ \(_) (_)__  / /______   / | / /__  / /__      ______  _____/ /__
  / / / / / / / _ \/ __/ ___/  /  |/ / _ \/ __/ | /| / / __ \/ ___/ //_/
 / /_/ / / / /  __/ /_(__  )  / /|  /  __/ /_ | |/ |/ / /_/ / /  / ,<   
/_____/_/_/ /\___/\__/____/  /_/ |_/\___/\__/ |__/|__/\____/_/  /_/|_|  
       /___/                                                            

INFO [06-25|16:28:55.689] database/leveldb/db.go#154: leveldb config: {"blockCacheCapacity":12582912,"blockSize":0,"compactionExpandLimitFactor":0,"compactionGPOverlapsFactor":0,"compactionL0Trigger":0,"compactionSourceLimitFactor":0,"compactionTableSize":0,"compactionTableSizeMultiplier":0,"compactionTableSizeMultiplierPerLevel":null,"compactionTotalSize":0,"compactionTotalSizeMultiplier":0,"openFilesCacheCapacity":256,"writeBuffer":6291456,"filterBitsPerKey":10}
INFO [06-25|16:28:55.715] node/node.go#1108: node version is: avalanche/1.7.5
INFO [06-25|16:28:55.715] node/node.go#1109: node ID is: NodeID-P7oB2McjBGgW2NXXWVYjV8JEDFoW9xDE5
INFO [06-25|16:28:55.715] node/node.go#1110: current database version: v1.4.5
INFO [06-25|16:28:55.715] node/node.go#486: initializing API server
INFO [06-25|16:28:55.715] api/server/server.go#82: API created with allowed origins: [https://*.dijets.co.uk https://*.dijets.io http://127.0.0.1 http://*.dijets.io]
INFO [06-25|16:28:55.715] node/node.go#804: initializing metrics API
INFO [06-25|16:28:55.715] api/server/server.go#219: adding route /ext/metrics
INFO [06-25|16:28:55.715] node/node.go#770: initializing keystore
INFO [06-25|16:28:55.715] node/node.go#781: initializing keystore API
INFO [06-25|16:28:55.715] api/server/server.go#219: adding route /ext/keystore
INFO [06-25|16:28:55.716] node/node.go#762: initializing SharedMemory
INFO [06-25|16:28:55.716] node/node.go#182: this node's IP is set to: "20.203.162.160:9659"
INFO [06-25|16:28:55.718] node/node.go#925: initializing Health API
INFO [06-25|16:28:55.718] api/server/server.go#219: adding route /ext/health
INFO [06-25|16:28:55.718] api/server/server.go#219: adding route /ext/health/readiness
INFO [06-25|16:28:55.718] api/server/server.go#219: adding route /ext/health/health
INFO [06-25|16:28:55.718] api/server/server.go#219: adding route /ext/health/liveness
INFO [06-25|16:28:55.718] node/node.go#532: adding the default VM aliases
INFO [06-25|16:28:55.719] api/server/server.go#219: adding route /ext/vm/mgj786NP7uDwBCcq6YwThhaN8FLyybkCa4zBWTQbNgmK6k9A6/rpc
INFO [06-25|16:28:55.719] api/server/server.go#219: adding route /ext/vm/rWhpuQPF1kb72esV2momhMuTYGkEb1oL29pt2EBXWmSy4kxnT
INFO [06-25|16:28:55.719] api/server/server.go#219: adding route /ext/vm/jvYyfQTxGMJLuGWa55kdP2p2zSUYsQ5Raupu4TW34ZAUBAbtq
INFO [06-25|16:28:55.720] node/node.go#835: node config:
{"httpConfig":{"apiConfig":{"authConfig":{"apiRequireAuthToken":false},"indexerConfig":{"indexAPIEnabled":true,"indexAllowIncomplete":true},"ipcConfig":{"ipcAPIEnabled":true,"ipcPath":"/tmp","ipcDefaultChainIDs":null},"adminAPIEnabled":true,"infoAPIEnabled":true,"keystoreAPIEnabled":true,"metricsAPIEnabled":true,"healthAPIEnabled":true},"httpHost":"10.6.0.4","httpPort":9658,"httpsEnabled":false,"apiAllowedOrigins":["https://*.dijets.co.uk","https://*.dijets.io","http://127.0.0.1","http://*.dijets.io"],"shutdownTimeout":10000000000,"shutdownWait":0},"ipConfig":{"ip":{"ip":"20.203.162.160","port":9659},"attemptedNATTraversal":false,"dynamicUpdateDuration":300000000000},"stakingConfig":{"uptimeRequirement":0.8,"minValidatorStake":2000000000000,"maxValidatorStake":3000000000000000,"minDelegatorStake":25000000000,"minDelegationFee":20000,"minStakeDuration":1209600000000000,"maxStakeDuration":31536000000000000,"rewardConfig":{"maxConsumptionRate":120000,"minConsumptionRate":100000,"mintingPeriod":31536000000000000,"supplyCap":100000000000000000},"enableStaking":true,"disabledStakingWeight":100,"stakingKeyPath":"/home/zehri/786/dijetsgo/staking/local/staker5.key","stakingCertPath":"/home/zehri/786/dijetsgo/staking/local/staker5.crt"},"txFeeConfig":{"txFee":1000000,"createAssetTxFee":10000000,"createSubnetTxFee":1000000000,"createBlockchainTxFee":1000000000},"bootstrapConfig":{"retryBootstrap":true,"retryBootstrapWarnFrequency":50,"bootstrapBeaconConnectionTimeout":60000000000,"bootstrapAncestorsMaxContainersSent":2000,"bootstrapAncestorsMaxContainersReceived":2000,"bootstrapMaxTimeGetAncestors":50000000,"bootstrapIDs":["7Xhw2mDxuDS44j42TCB6U5579esbSt3Lg"],"bootstrapIPs":[{"ip":"20.203.162.160","port":9651}]},"databaseConfig":{"path":"db/node5/mainnet","name":"leveldb"},"djtxAssetID":"7LKeAQgHrVG5kYJPuaJ14LJY36vqnpTQ6cLpUGA2W1kHk2Y9B","networkID":1,"enableAssertions":true,"enableCrypto":true,"healthCheckFreq":30000000000,"networkConfig":{"healthConfig":{"minConnectedPeers":1,"maxTimeSinceMsgReceived":60000000000,"maxTimeSinceMsgSent":60000000000,"maxPortionSendQueueBytesFull":0.9,"maxSendFailRate":0.9,"maxSendFailRateHalflife":10000000000},"peerListGossipConfig":{"peerListSize":20,"peerListGossipSize":50,"peerListStakerGossipFraction":2,"peerListGossipFreq":60000000000},"timeoutConfigs":{"getVersionTimeout":10000000000,"pingPongTimeout":30000000000,"readHandshakeTimeout":15000000000,"peerAliasTimeout":600000000000},"delayConfig":{"initialReconnectDelay":1000000000,"maxReconnectDelay":3600000000000},"throttlerConfig":{"inboundConnUpgradeThrottlerConfig":{"upgradeCooldown":10000000000,"maxRecentConnsUpgraded":2560},"inboundMsgThrottlerConfig":{"vdrAllocSize":33554432,"atLargeAllocSize":6291456,"nodeMaxAtLargeBytes":2097152,"bandwidthRefillRate":524288,"bandwidthMaxBurstRate":2097152,"maxProcessingMsgsPerNode":1024},"outboundMsgThrottlerConfig":{"vdrAllocSize":33554432,"atLargeAllocSize":6291456,"nodeMaxAtLargeBytes":2097152},"maxIncomingConnsPerSec":256},"dialerConfig":{"throttleRps":50,"connectionTimeout":30000000000},"namespace":"network","myNodeID":"P7oB2McjBGgW2NXXWVYjV8JEDFoW9xDE5","myIP":{"ip":"20.203.162.160","port":9659},"networkID":1,"maxClockDifference":60000000000,"pingFrequency":22500000000,"allowPrivateIPs":true,"compressionEnabled":true,"whitelistedSubnets":[],"beacons":{},"validators":{},"uptimeMetricFreq":30000000000,"uptimeRequirement":0.8,"requireValidatorToConnect":false,"MaximumInboundMessageTimeout":10000000000},"gossipConfig":{"gossipAcceptedFrontierSize":3,"gossipOnAcceptSize":4,"appGossipNonValidatorSize":0,"appGossipValidatorSize":4},"adaptiveTimeoutConfig":{"initialTimeout":5000000000,"minimumTimeout":2000000000,"maximumTimeout":10000000000,"timeoutCoefficient":2,"timeoutHalflife":300000000000},"benchlistConfig":{"threshold":10,"minimumFailingDuration":150000000000,"duration":900000000000,"maxPortion":0.08333333333333333,"peerSummaryEnabled":false},"profilerConfig":{"dir":"/home/zehri/.avalanchego/profiles","enabled":false,"freq":900000000000,"maxNumFiles":5},"loggingConfig":{"rotationInterval":86400000000000,"fileSize":8388608,"rotationSize":7,"flushSize":1,"disableLogging":false,"disableDisplaying":false,"disableContextualDisplaying":false,"disableFlushOnWrite":false,"assertions":false,"logLevel":"INFO","displayLevel":"INFO","displayHighlight":"PLAIN"},"pluginDir":"/home/zehri/786/dijetsgo/build/plugins","consensusParams":{"k":4,"alpha":3,"betaVirtuous":3,"betaRogue":5,"concurrentRepolls":2,"optimalProcessing":10,"maxOutstandingItems":1024,"maxItemProcessingTime":120000000000,"parents":5,"batchSize":10},"meterVMEnabled":true,"routerHealthConfig":{"maxDropRate":1,"maxDropRateHalflife":10000000000,"maxOutstandingRequests":1024,"maxOutstandingDuration":300000000000,"maxRunTimeRequests":10000000000},"consensusShutdownTimeout":5000000000,"consensusGossipFreq":10000000000,"whitelistedSubnets":[],"subnetConfigs":{},"resetProposerVMHeightIndex":false}
INFO [06-25|16:28:55.720] node/node.go#840: initializing admin API
INFO [06-25|16:28:55.720] api/server/server.go#219: adding route /ext/admin
INFO [06-25|16:28:55.720] node/node.go#885: initializing info API
INFO [06-25|16:28:55.720] api/server/server.go#219: adding route /ext/info
INFO [06-25|16:28:55.720] node/node.go#1050: initializing ipc API
INFO [06-25|16:28:55.720] api/server/server.go#219: adding route /ext/ipcs
INFO [06-25|16:28:55.720] node/node.go#1060: initializing chain aliases
INFO [06-25|16:28:55.720] node/node.go#1078: initializing API aliases
INFO [06-25|16:28:55.721] node/node.go#860: skipping profiler initialization because it has been disabled
INFO [06-25|16:28:55.721] node/node.go#472: initializing chains
INFO [06-25|16:28:55.721] chains/manager.go#251: creating chain:
    ID: 11111111111111111111111111111111LpoYY
    VMID:rWhpuQPF1kb72esV2momhMuTYGkEb1oL29pt2EBXWmSy4kxnT
INFO [06-25|16:28:55.724] <P Chain> vms/platformvm/vm.go#204: initializing last accepted block as 2GB2cevrZ9xEHUX9JWwkFpLo21FH7pqQpmaP6X9Yryk4rrDDo2
INFO [06-25|16:28:55.725] <P Chain> snow/engine/snowman/transitive.go#67: initializing consensus engine
INFO [06-25|16:28:55.725] indexer/index.go#99: next accepted index 0
INFO [06-25|16:28:55.725] api/server/server.go#219: adding route /ext/index/P/block
INFO [06-25|16:28:55.725] api/server/server.go#203: adding route /ext/bc/11111111111111111111111111111111LpoYY
INFO [06-25|16:28:55.725] <P Chain> snow/engine/snowman/bootstrap/bootstrapper.go#213: Starting bootstrap...
INFO [06-25|16:28:55.726] api/server/server.go#114: HTTP API server listening on "10.6.0.4:9658"
INFO [06-25|16:28:55.727] <X Chain> snow/engine/common/bootstrapper.go#231: Bootstrapping started syncing with 0 vertices in the accepted frontier
INFO [06-25|16:28:55.727] <X Chain> snow/engine/avalanche/bootstrap/bootstrapper.go#470: bootstrapping fetched 0 vertices. Executing transaction state transitions...
INFO [06-25|16:28:55.727] <X Chain> snow/engine/common/queue/jobs.go#181: executed 0 operations
INFO [06-25|16:28:55.727] <X Chain> snow/engine/avalanche/bootstrap/bootstrapper.go#481: executing vertex state transitions...
INFO [06-25|16:28:55.727] <X Chain> snow/engine/common/queue/jobs.go#181: executed 0 operations
INFO [06-25|16:28:55.727] <X Chain> snow/engine/avalanche/transitive.go#287: bootstrapping finished with 0 vertices in the accepted frontier
INFO [06-25|16:28:55.727] <C Chain> snow/engine/snowman/transitive.go#329: bootstrapping finished with 2ddxE6sg1dHthFWWJpdYLuTM1zHByVXGQQVfgKLjBQeaEbLaJU as the last accepted block
INFO [06-25|16:28:55.728] <P Chain> snow/engine/snowman/transitive.go#329: bootstrapping finished with 2GB2cevrZ9xEHUX9JWwkFpLo21FH7pqQpmaP6X9Yryk4rrDDo2 as the last accepted block
INFO [06-25|16:28:57.243] <P Chain> snow/engine/common/bootstrapper.go#231: Bootstrapping started syncing with 1 vertices in the accepted frontier
INFO [06-25|16:28:57.243] <P Chain> snow/engine/snowman/bootstrap/bootstrapper.go#411: bootstrapping fetched 0 blocks. Executing state transitions...
INFO [06-25|16:28:57.243] <P Chain> snow/engine/common/queue/jobs.go#181: executed 0 operations
INFO [06-25|16:28:57.243] chains/manager.go#251: creating chain:
    ID: 2nzKeZrnUoKFdR1k3LyVJr1jbJRkxhWe512dMiSk7J214tcFb2
    VMID:mgj786NP7uDwBCcq6YwThhaN8FLyybkCa4zBWTQbNgmK6k9A6
INFO [06-25|16:28:57.251] Initializing Dijeth VM                   Version=v0.8.6 Config="{\"snowman-api-enabled\":true,\"coreth-admin-api-enabled\":true,\"coreth-admin-api-dir\":\"\",\"eth-apis\":[\"public-eth\",\"public-eth-filter\",\"net\",\"web3\",\"internal-public-eth\",\"internal-public-blockchain\",\"internal-public-transaction-pool\"],\"continuous-profiler-dir\":\"\",\"continuous-profiler-frequency\":{\"Duration\":900000000000},\"continuous-profiler-max-files\":5,\"rpc-gas-cap\":50000000,\"rpc-tx-fee-cap\":100,\"preimages-enabled\":false,\"pruning-enabled\":true,\"snapshot-async\":true,\"snapshot-verification-enabled\":false,\"metrics-enabled\":true,\"metrics-expensive-enabled\":false,\"local-txs-enabled\":false,\"api-max-duration\":{\"Duration\":0},\"ws-cpu-refill-rate\":{\"Duration\":0},\"ws-cpu-max-stored\":{\"Duration\":0},\"api-max-blocks-per-request\":0,\"allow-unfinalized-queries\":false,\"allow-unprotected-txs\":false,\"keystore-directory\":\"\",\"keystore-external-signer\":\"\",\"keystore-insecure-unlock-allowed\":false,\"remote-tx-gossip-only-enabled\":false,\"tx-regossip-frequency\":{\"Duration\":60000000000},\"tx-regossip-max-size\":15,\"log-level\":\"info\",\"offline-pruning-enabled\":false,\"offline-pruning-bloom-filter-size\":512,\"offline-pruning-data-directory\":\"\",\"max-outbound-active-requests\":8}"
INFO [06-25|16:28:57.251] Persisted trie from memory database      nodes=1 size=151.00B time="20.3µs" gcnodes=0 gcsize=0.00B gctime=0s livenodes=1 livesize=0.00B
INFO [06-25|16:28:57.252] Allocated trie memory caches             clean=75.00MiB dirty=256.00MiB
INFO [06-25|16:28:57.252] Writing genesis to database 
INFO [06-25|16:28:57.252] Persisted trie from memory database      nodes=1 size=151.00B time="62µs"   gcnodes=0 gcsize=0.00B gctime=0s livenodes=1 livesize=0.00B
INFO [06-25|16:28:57.252] Initialised chain configuration          config="{ChainID: 98200 Homestead: 0 DAO: 0 DAOSupport: true EIP150: 0 EIP155: 0 EIP158: 0 Byzantium: 0 Constantinople: 0 Petersburg: 0 Istanbul: 0, Muir Glacier: 0, Apricot Phase 1: 1617199200, Apricot Phase 2: 1620644400, Apricot Phase 3: 1629813600, Apricot Phase 4: 1632344400, Apricot Phase 5: 1638468000, Engine: Dummy Consensus Engine}"
INFO [06-25|16:28:57.253] Initialising Ethereum protocol           network=98200 dbversion=<nil>
WARN [06-25|16:28:57.253] Upgrade blockchain database version      from=<nil> to=8
INFO [06-25|16:28:57.253] Loaded most recent local header          number=0 hash=d6e297..ec1d16 age=53y2mo4w
INFO [06-25|16:28:57.253] Loaded most recent local full block      number=0 hash=d6e297..ec1d16 age=53y2mo4w
INFO [06-25|16:28:57.254] Initializing snapshots                   async=false
WARN [06-25|16:28:57.254] Failed to load snapshot, regenerating    err="missing or corrupted snapshot, no snapshot block hash"
INFO [06-25|16:28:57.254] Rebuilding state snapshot 
INFO [06-25|16:28:57.254] Deleted state snapshot leftovers         kind=accounts wiped=0 elapsed="26.5µs"
INFO [06-25|16:28:57.254] Deleted state snapshot leftovers         kind=storage  wiped=0 elapsed="14µs"
INFO [06-25|16:28:57.254] Waiting for snapshot generation          root=df7730..7b9351
INFO [06-25|16:28:57.254] Wiper running, state snapshotting paused accounts=0 slots=0 storage=0.00B elapsed="767.705µs"
INFO [06-25|16:28:57.255] Resuming state snapshot generation       root=df7730..7b9351 accounts=0 slots=0 storage=0.00B elapsed="5.1µs"
INFO [06-25|16:28:57.255] Generated state snapshot                 accounts=1 slots=0 storage=50.00B elapsed="180.201µs"
WARN [06-25|16:28:57.255] Error reading unclean shutdown markers   error="not found"
INFO [06-25|16:28:57.255] Initializing atomic transaction repository from scratch 
INFO [06-25|16:28:57.255] Completed atomic transaction repository migration lastAcceptedHeight=0 duration="109.5µs"
INFO [06-25|16:28:57.256] repairAtomicRepositoryForBonusBlockTxs complete repairedEntries=0
INFO [06-25|16:28:57.256] initializing atomic trie                 c=atomicTrie lastAcceptedBlockNumber=0
INFO [06-25|16:28:57.256] Transaction pool price threshold updated price=470,000,000,000
INFO [06-25|16:28:57.256] Transaction pool price threshold updated price=225,000,000,000
INFO [06-25|16:28:57.256] Transaction pool price threshold updated price=0
INFO [06-25|16:28:57.256] lastAccepted = 0xd6e297b3d1e39baebfeeb4c77a590a1a7eb2e1b601933141822c2797f5ec1d16 
INFO [06-25|16:28:57.257] <C Chain> snow/engine/snowman/transitive.go#67: initializing consensus engine
INFO [06-25|16:28:57.258] indexer/index.go#99: next accepted index 0
INFO [06-25|16:28:57.258] api/server/server.go#219: adding route /ext/index/C/block
INFO [06-25|16:28:57.258] <C Chain> snow/engine/snowman/bootstrap/bootstrapper.go#213: Starting bootstrap...
INFO [06-25|16:28:57.258] chains/manager.go#251: creating chain:
    ID: XNb3DFBZmKW4DdP9HJBKj7kQaxdFRVTj6d63CUi7aVnwe3ML1
    VMID:jvYyfQTxGMJLuGWa55kdP2p2zSUYsQ5Raupu4TW34ZAUBAbtq
INFO [06-25|16:28:57.259] <C Chain> vms/proposervm/vm.go#214: block height indexing is already complete
INFO [06-25|16:28:57.259] <X Chain> vms/avm/vm.go#142: VM config initialized {IndexTransactions:true IndexAllowIncomplete:true}
INFO [06-25|16:28:57.259] Enabled APIs: public-eth, public-eth-filter, net, web3, internal-public-eth, internal-public-blockchain, internal-public-transaction-pool, djtx, coreth-admin, snowman 
INFO [06-25|16:28:57.260] api/server/server.go#203: adding route /ext/bc/2nzKeZrnUoKFdR1k3LyVJr1jbJRkxhWe512dMiSk7J214tcFb2/djtx
INFO [06-25|16:28:57.260] <X Chain> vms/avm/vm.go#450: initializing with AssetID 7LKeAQgHrVG5kYJPuaJ14LJY36vqnpTQ6cLpUGA2W1kHk2Y9B
INFO [06-25|16:28:57.260] api/server/server.go#203: adding route /ext/bc/2nzKeZrnUoKFdR1k3LyVJr1jbJRkxhWe512dMiSk7J214tcFb2/admin
INFO [06-25|16:28:57.260] api/server/server.go#203: adding route /ext/bc/2nzKeZrnUoKFdR1k3LyVJr1jbJRkxhWe512dMiSk7J214tcFb2/rpc
INFO [06-25|16:28:57.260] api/server/server.go#203: adding route /ext/bc/2nzKeZrnUoKFdR1k3LyVJr1jbJRkxhWe512dMiSk7J214tcFb2/ws
INFO [06-25|16:28:57.260] <X Chain> vms/avm/vm.go#436: Fee payments are using Asset with Alias: DJTX, AssetID: 7LKeAQgHrVG5kYJPuaJ14LJY36vqnpTQ6cLpUGA2W1kHk2Y9B
INFO [06-25|16:28:57.260] <X Chain> vms/avm/vm.go#221: address transaction indexing is enabled
INFO [06-25|16:28:57.262] <X Chain> snow/engine/avalanche/transitive.go#71: initializing consensus engine
INFO [06-25|16:28:57.262] indexer/index.go#99: next accepted index 0
INFO [06-25|16:28:57.262] api/server/server.go#219: adding route /ext/index/X/vtx
INFO [06-25|16:28:57.262] indexer/index.go#99: next accepted index 0
INFO [06-25|16:28:57.262] api/server/server.go#219: adding route /ext/index/X/tx
INFO [06-25|16:28:57.262] <X Chain> snow/engine/avalanche/bootstrap/bootstrapper.go#259: Starting bootstrap...
INFO [06-25|16:28:57.262] <P Chain> snow/engine/snowman/bootstrap/bootstrapper.go#450: waiting for the remaining chains in this subnet to finish syncing
INFO [06-25|16:28:57.263] api/server/server.go#203: adding route /ext/bc/XNb3DFBZmKW4DdP9HJBKj7kQaxdFRVTj6d63CUi7aVnwe3ML1/wallet
INFO [06-25|16:28:57.263] api/server/server.go#203: adding route /ext/bc/XNb3DFBZmKW4DdP9HJBKj7kQaxdFRVTj6d63CUi7aVnwe3ML1/events
INFO [06-25|16:28:57.263] api/server/server.go#203: adding route /ext/bc/XNb3DFBZmKW4DdP9HJBKj7kQaxdFRVTj6d63CUi7aVnwe3ML1
INFO [06-25|16:29:01.285] <X Chain> snow/engine/common/bootstrapper.go#231: Bootstrapping started syncing with 0 vertices in the accepted frontier
INFO [06-25|16:29:01.285] <C Chain> snow/engine/common/bootstrapper.go#231: Bootstrapping started syncing with 1 vertices in the accepted frontier
INFO [06-25|16:29:01.285] <C Chain> snow/engine/snowman/bootstrap/bootstrapper.go#411: bootstrapping fetched 0 blocks. Executing state transitions...
INFO [06-25|16:29:01.285] <C Chain> snow/engine/common/queue/jobs.go#181: executed 0 operations
INFO [06-25|16:29:01.285] <C Chain> snow/engine/snowman/bootstrap/bootstrapper.go#450: waiting for the remaining chains in this subnet to finish syncing
INFO [06-25|16:29:01.285] <X Chain> snow/engine/avalanche/bootstrap/bootstrapper.go#470: bootstrapping fetched 0 vertices. Executing transaction state transitions...
INFO [06-25|16:29:01.285] <X Chain> snow/engine/common/queue/jobs.go#181: executed 0 operations
INFO [06-25|16:29:01.285] <X Chain> snow/engine/avalanche/bootstrap/bootstrapper.go#481: executing vertex state transitions...
INFO [06-25|16:29:01.285] <X Chain> snow/engine/common/queue/jobs.go#181: executed 0 operations
INFO [06-25|16:29:01.285] <X Chain> snow/engine/avalanche/transitive.go#287: bootstrapping finished with 0 vertices in the accepted frontier
INFO [06-25|16:29:01.285] <C Chain> snow/engine/snowman/transitive.go#329: bootstrapping finished with 2ddxE6sg1dHthFWWJpdYLuTM1zHByVXGQQVfgKLjBQeaEbLaJU as the last accepted block
INFO [06-25|16:29:01.286] <P Chain> snow/engine/snowman/transitive.go#329: bootstrapping finished with 2GB2cevrZ9xEHUX9JWwkFpLo21FH7pqQpmaP6X9Yryk4rrDDo2 as the last accepted block
INFO [06-25|16:29:09.995] <P Chain> snow/engine/common/bootstrapper.go#231: Bootstrapping started syncing with 1 vertices in the accepted frontier
INFO [06-25|16:29:09.995] <P Chain> snow/engine/snowman/bootstrap/bootstrapper.go#411: bootstrapping fetched 0 blocks. Executing state transitions...
INFO [06-25|16:29:09.995] <P Chain> snow/engine/common/queue/jobs.go#181: executed 0 operations
INFO [06-25|16:29:09.995] chains/manager.go#251: creating chain:
    ID: 2nzKeZrnUoKFdR1k3LyVJr1jbJRkxhWe512dMiSk7J214tcFb2
    VMID:mgj786NP7uDwBCcq6YwThhaN8FLyybkCa4zBWTQbNgmK6k9A6
INFO [06-25|16:29:09.997] Initializing Dijeth VM                   Version=v0.8.6 Config="{\"snowman-api-enabled\":true,\"coreth-admin-api-enabled\":true,\"coreth-admin-api-dir\":\"\",\"eth-apis\":[\"public-eth\",\"public-eth-filter\",\"net\",\"web3\",\"internal-public-eth\",\"internal-public-blockchain\",\"internal-public-transaction-pool\"],\"continuous-profiler-dir\":\"\",\"continuous-profiler-frequency\":{\"Duration\":900000000000},\"continuous-profiler-max-files\":5,\"rpc-gas-cap\":50000000,\"rpc-tx-fee-cap\":100,\"preimages-enabled\":false,\"pruning-enabled\":true,\"snapshot-async\":true,\"snapshot-verification-enabled\":false,\"metrics-enabled\":true,\"metrics-expensive-enabled\":false,\"local-txs-enabled\":false,\"api-max-duration\":{\"Duration\":0},\"ws-cpu-refill-rate\":{\"Duration\":0},\"ws-cpu-max-stored\":{\"Duration\":0},\"api-max-blocks-per-request\":0,\"allow-unfinalized-queries\":false,\"allow-unprotected-txs\":false,\"keystore-directory\":\"\",\"keystore-external-signer\":\"\",\"keystore-insecure-unlock-allowed\":false,\"remote-tx-gossip-only-enabled\":false,\"tx-regossip-frequency\":{\"Duration\":60000000000},\"tx-regossip-max-size\":15,\"log-level\":\"info\",\"offline-pruning-enabled\":false,\"offline-pruning-bloom-filter-size\":512,\"offline-pruning-data-directory\":\"\",\"max-outbound-active-requests\":8}"
INFO [06-25|16:29:09.998] Persisted trie from memory database      nodes=1 size=151.00B time="32.5µs" gcnodes=0 gcsize=0.00B gctime=0s livenodes=1 livesize=0.00B
INFO [06-25|16:29:09.998] Allocated trie memory caches             clean=75.00MiB dirty=256.00MiB
INFO [06-25|16:29:09.998] Writing genesis to database 
INFO [06-25|16:29:09.999] Persisted trie from memory database      nodes=1 size=151.00B time="65.5µs" gcnodes=0 gcsize=0.00B gctime=0s livenodes=1 livesize=0.00B
INFO [06-25|16:29:09.999] Initialised chain configuration          config="{ChainID: 98200 Homestead: 0 DAO: 0 DAOSupport: true EIP150: 0 EIP155: 0 EIP158: 0 Byzantium: 0 Constantinople: 0 Petersburg: 0 Istanbul: 0, Muir Glacier: 0, Apricot Phase 1: 1617199200, Apricot Phase 2: 1620644400, Apricot Phase 3: 1629813600, Apricot Phase 4: 1632344400, Apricot Phase 5: 1638468000, Engine: Dummy Consensus Engine}"
INFO [06-25|16:29:09.999] Initialising Ethereum protocol           network=98200 dbversion=<nil>
WARN [06-25|16:29:09.999] Upgrade blockchain database version      from=<nil> to=8
INFO [06-25|16:29:10.000] Loaded most recent local header          number=0 hash=d6e297..ec1d16 age=53y2mo4w
INFO [06-25|16:29:10.000] Loaded most recent local full block      number=0 hash=d6e297..ec1d16 age=53y2mo4w
INFO [06-25|16:29:10.000] Initializing snapshots                   async=false
WARN [06-25|16:29:10.000] Failed to load snapshot, regenerating    err="missing or corrupted snapshot, no snapshot block hash"
INFO [06-25|16:29:10.000] Rebuilding state snapshot 
INFO [06-25|16:29:10.001] Waiting for snapshot generation          root=df7730..7b9351
INFO [06-25|16:29:10.001] Wiper running, state snapshotting paused accounts=0 slots=0 storage=0.00B elapsed="594.304µs"
INFO [06-25|16:29:10.001] Deleted state snapshot leftovers         kind=accounts wiped=0 elapsed="55.1µs"
INFO [06-25|16:29:10.001] Deleted state snapshot leftovers         kind=storage  wiped=0 elapsed="13.3µs"
INFO [06-25|16:29:10.002] Resuming state snapshot generation       root=df7730..7b9351 accounts=0 slots=0 storage=0.00B elapsed="9.6µs"
INFO [06-25|16:29:10.002] Generated state snapshot                 accounts=1 slots=0 storage=50.00B elapsed="167.501µs"
WARN [06-25|16:29:10.002] Error reading unclean shutdown markers   error="not found"
INFO [06-25|16:29:10.002] Initializing atomic transaction repository from scratch 
INFO [06-25|16:29:10.002] Completed atomic transaction repository migration lastAcceptedHeight=0 duration="60.901µs"
INFO [06-25|16:29:10.002] repairAtomicRepositoryForBonusBlockTxs complete repairedEntries=0
INFO [06-25|16:29:10.003] initializing atomic trie                 c=atomicTrie lastAcceptedBlockNumber=0
INFO [06-25|16:29:10.003] Transaction pool price threshold updated price=470,000,000,000
INFO [06-25|16:29:10.003] Transaction pool price threshold updated price=225,000,000,000
INFO [06-25|16:29:10.003] Transaction pool price threshold updated price=0
INFO [06-25|16:29:10.003] lastAccepted = 0xd6e297b3d1e39baebfeeb4c77a590a1a7eb2e1b601933141822c2797f5ec1d16 
INFO [06-25|16:29:10.004] <C Chain> snow/engine/snowman/transitive.go#67: initializing consensus engine
INFO [06-25|16:29:10.005] indexer/index.go#99: next accepted index 0
INFO [06-25|16:29:10.005] api/server/server.go#219: adding route /ext/index/C/block
INFO [06-25|16:29:10.005] <C Chain> snow/engine/snowman/bootstrap/bootstrapper.go#213: Starting bootstrap...
INFO [06-25|16:29:10.005] chains/manager.go#251: creating chain:
    ID: XNb3DFBZmKW4DdP9HJBKj7kQaxdFRVTj6d63CUi7aVnwe3ML1
    VMID:jvYyfQTxGMJLuGWa55kdP2p2zSUYsQ5Raupu4TW34ZAUBAbtq
INFO [06-25|16:29:10.005] <C Chain> vms/proposervm/vm.go#214: block height indexing is already complete
INFO [06-25|16:29:10.006] Enabled APIs: public-eth, public-eth-filter, net, web3, internal-public-eth, internal-public-blockchain, internal-public-transaction-pool, djtx, coreth-admin, snowman 
INFO [06-25|16:29:10.006] api/server/server.go#203: adding route /ext/bc/2nzKeZrnUoKFdR1k3LyVJr1jbJRkxhWe512dMiSk7J214tcFb2/djtx
INFO [06-25|16:29:10.006] api/server/server.go#203: adding route /ext/bc/2nzKeZrnUoKFdR1k3LyVJr1jbJRkxhWe512dMiSk7J214tcFb2/admin
INFO [06-25|16:29:10.006] api/server/server.go#203: adding route /ext/bc/2nzKeZrnUoKFdR1k3LyVJr1jbJRkxhWe512dMiSk7J214tcFb2/rpc
INFO [06-25|16:29:10.006] api/server/server.go#203: adding route /ext/bc/2nzKeZrnUoKFdR1k3LyVJr1jbJRkxhWe512dMiSk7J214tcFb2/ws
INFO [06-25|16:29:10.013] <X Chain> vms/avm/vm.go#142: VM config initialized {IndexTransactions:true IndexAllowIncomplete:true}
INFO [06-25|16:29:10.014] <X Chain> vms/avm/vm.go#450: initializing with AssetID 7LKeAQgHrVG5kYJPuaJ14LJY36vqnpTQ6cLpUGA2W1kHk2Y9B
INFO [06-25|16:29:10.014] <X Chain> vms/avm/vm.go#436: Fee payments are using Asset with Alias: DJTX, AssetID: 7LKeAQgHrVG5kYJPuaJ14LJY36vqnpTQ6cLpUGA2W1kHk2Y9B
INFO [06-25|16:29:10.014] <X Chain> vms/avm/vm.go#221: address transaction indexing is enabled
INFO [06-25|16:29:10.015] <X Chain> snow/engine/avalanche/transitive.go#71: initializing consensus engine
INFO [06-25|16:29:10.015] indexer/index.go#99: next accepted index 0
INFO [06-25|16:29:10.015] api/server/server.go#219: adding route /ext/index/X/vtx
INFO [06-25|16:29:10.015] indexer/index.go#99: next accepted index 0
INFO [06-25|16:29:10.015] api/server/server.go#219: adding route /ext/index/X/tx
INFO [06-25|16:29:10.015] api/server/server.go#203: adding route /ext/bc/XNb3DFBZmKW4DdP9HJBKj7kQaxdFRVTj6d63CUi7aVnwe3ML1
INFO [06-25|16:29:10.015] <X Chain> snow/engine/avalanche/bootstrap/bootstrapper.go#259: Starting bootstrap...
INFO [06-25|16:29:10.015] api/server/server.go#203: adding route /ext/bc/XNb3DFBZmKW4DdP9HJBKj7kQaxdFRVTj6d63CUi7aVnwe3ML1/wallet
INFO [06-25|16:29:10.015] <P Chain> snow/engine/snowman/bootstrap/bootstrapper.go#450: waiting for the remaining chains in this subnet to finish syncing
INFO [06-25|16:29:10.016] api/server/server.go#203: adding route /ext/bc/XNb3DFBZmKW4DdP9HJBKj7kQaxdFRVTj6d63CUi7aVnwe3ML1/events
INFO [06-25|16:29:12.038] <X Chain> snow/engine/common/bootstrapper.go#231: Bootstrapping started syncing with 0 vertices in the accepted frontier
INFO [06-25|16:29:12.038] <X Chain> snow/engine/avalanche/bootstrap/bootstrapper.go#470: bootstrapping fetched 0 vertices. Executing transaction state transitions...
INFO [06-25|16:29:12.038] <X Chain> snow/engine/common/queue/jobs.go#181: executed 0 operations
INFO [06-25|16:29:12.038] <X Chain> snow/engine/avalanche/bootstrap/bootstrapper.go#481: executing vertex state transitions...
INFO [06-25|16:29:12.038] <X Chain> snow/engine/common/queue/jobs.go#181: executed 0 operations
INFO [06-25|16:29:12.039] <X Chain> snow/engine/avalanche/bootstrap/bootstrapper.go#509: waiting for the remaining chains in this subnet to finish syncing
INFO [06-25|16:29:12.847] <C Chain> snow/engine/common/bootstrapper.go#231: Bootstrapping started syncing with 1 vertices in the accepted frontier
INFO [06-25|16:29:12.847] <C Chain> snow/engine/snowman/bootstrap/bootstrapper.go#411: bootstrapping fetched 0 blocks. Executing state transitions...
INFO [06-25|16:29:12.847] <C Chain> snow/engine/common/queue/jobs.go#181: executed 0 operations
INFO [06-25|16:29:12.847] <X Chain> snow/engine/avalanche/transitive.go#287: bootstrapping finished with 0 vertices in the accepted frontier
INFO [06-25|16:29:12.847] <C Chain> snow/engine/snowman/transitive.go#329: bootstrapping finished with 2ddxE6sg1dHthFWWJpdYLuTM1zHByVXGQQVfgKLjBQeaEbLaJU as the last accepted block
INFO [06-25|16:29:12.847] <P Chain> snow/engine/snowman/transitive.go#329: bootstrapping finished with 2GB2cevrZ9xEHUX9JWwkFpLo21FH7pqQpmaP6X9Yryk4rrDDo2 as the last accepted block
